2025-10-18 22:43:03,993 - INFO - 🎬 開始實時記錄 - 會話 ID: aiva_session_20251018_224303
2025-10-18 22:43:11,013 - INFO - ✅ [TRAINING] environment_scan: 靶場環境檢測
2025-10-18 22:43:11,014 - INFO - ✅ [TRAINING] plan_generation: 攻擊計畫生成與抗幻覺驗證
2025-10-18 22:43:11,015 - INFO - ✅ [TRAINING] intelligent_decision: 增強決策代理分析
2025-10-18 22:43:13,021 - INFO - ✅ [TRAINING] plan_execution: 攻擊計畫執行
2025-10-18 22:43:13,022 - INFO - ✅ [TRAINING] experience_collection: 訓練經驗收集
2025-10-18 22:43:21,059 - INFO - ✅ [TRAINING] environment_scan: 靶場環境檢測
2025-10-18 22:43:21,062 - INFO - ✅ [TRAINING] plan_generation: 攻擊計畫生成與抗幻覺驗證
2025-10-18 22:43:21,063 - INFO - ✅ [TRAINING] intelligent_decision: 增強決策代理分析
2025-10-18 22:43:23,067 - INFO - ✅ [TRAINING] plan_execution: 攻擊計畫執行
2025-10-18 22:43:23,067 - INFO - ✅ [TRAINING] experience_collection: 訓練經驗收集
2025-10-18 22:43:31,091 - INFO - ✅ [TRAINING] environment_scan: 靶場環境檢測
2025-10-18 22:43:31,092 - INFO - ✅ [TRAINING] plan_generation: 攻擊計畫生成與抗幻覺驗證
2025-10-18 22:43:31,093 - INFO - ✅ [TRAINING] intelligent_decision: 增強決策代理分析
2025-10-18 22:43:33,101 - INFO - ✅ [TRAINING] plan_execution: 攻擊計畫執行
2025-10-18 22:43:33,101 - INFO - ✅ [TRAINING] experience_collection: 訓練經驗收集
2025-10-18 22:43:41,120 - INFO - ✅ [TRAINING] environment_scan: 靶場環境檢測
2025-10-18 22:43:41,121 - INFO - ✅ [TRAINING] plan_generation: 攻擊計畫生成與抗幻覺驗證
2025-10-18 22:43:41,121 - INFO - ✅ [TRAINING] intelligent_decision: 增強決策代理分析
2025-10-18 22:43:43,130 - INFO - ✅ [TRAINING] plan_execution: 攻擊計畫執行
2025-10-18 22:43:43,131 - INFO - ✅ [TRAINING] experience_collection: 訓練經驗收集
2025-10-18 22:43:51,156 - INFO - ✅ [TRAINING] environment_scan: 靶場環境檢測
2025-10-18 22:43:51,157 - INFO - ✅ [TRAINING] plan_generation: 攻擊計畫生成與抗幻覺驗證
2025-10-18 22:43:51,157 - INFO - ✅ [TRAINING] intelligent_decision: 增強決策代理分析
2025-10-18 22:43:53,162 - INFO - ✅ [TRAINING] plan_execution: 攻擊計畫執行
2025-10-18 22:43:53,162 - INFO - ✅ [TRAINING] experience_collection: 訓練經驗收集
2025-10-18 22:44:01,194 - INFO - ✅ [TRAINING] environment_scan: 靶場環境檢測
2025-10-18 22:44:01,195 - INFO - ✅ [TRAINING] plan_generation: 攻擊計畫生成與抗幻覺驗證
2025-10-18 22:44:01,196 - INFO - ✅ [TRAINING] intelligent_decision: 增強決策代理分析
2025-10-18 22:44:03,201 - INFO - ✅ [TRAINING] plan_execution: 攻擊計畫執行
2025-10-18 22:44:03,202 - INFO - ✅ [TRAINING] experience_collection: 訓練經驗收集
2025-10-18 22:44:11,217 - INFO - ✅ [TRAINING] environment_scan: 靶場環境檢測
2025-10-18 22:44:11,218 - INFO - ✅ [TRAINING] plan_generation: 攻擊計畫生成與抗幻覺驗證
2025-10-18 22:44:11,219 - INFO - ✅ [TRAINING] intelligent_decision: 增強決策代理分析
2025-10-18 22:44:13,229 - INFO - ✅ [TRAINING] plan_execution: 攻擊計畫執行
2025-10-18 22:44:13,229 - INFO - ✅ [TRAINING] experience_collection: 訓練經驗收集
2025-10-18 22:44:21,248 - INFO - ✅ [TRAINING] environment_scan: 靶場環境檢測
2025-10-18 22:44:21,249 - INFO - ✅ [TRAINING] plan_generation: 攻擊計畫生成與抗幻覺驗證
2025-10-18 22:44:21,250 - INFO - ✅ [TRAINING] intelligent_decision: 增強決策代理分析
2025-10-18 22:44:23,256 - INFO - ✅ [TRAINING] plan_execution: 攻擊計畫執行
2025-10-18 22:44:23,256 - INFO - ✅ [TRAINING] experience_collection: 訓練經驗收集
2025-10-18 22:44:31,272 - INFO - ✅ [TRAINING] environment_scan: 靶場環境檢測
2025-10-18 22:44:31,273 - INFO - ✅ [TRAINING] plan_generation: 攻擊計畫生成與抗幻覺驗證
2025-10-18 22:44:31,274 - INFO - ✅ [TRAINING] intelligent_decision: 增強決策代理分析
2025-10-18 22:44:33,283 - INFO - ✅ [TRAINING] plan_execution: 攻擊計畫執行
2025-10-18 22:44:33,283 - INFO - ✅ [TRAINING] experience_collection: 訓練經驗收集
2025-10-18 22:44:41,304 - INFO - ✅ [TRAINING] environment_scan: 靶場環境檢測
2025-10-18 22:44:41,305 - INFO - ✅ [TRAINING] plan_generation: 攻擊計畫生成與抗幻覺驗證
2025-10-18 22:44:41,306 - INFO - ✅ [TRAINING] intelligent_decision: 增強決策代理分析
2025-10-18 22:44:43,317 - INFO - ✅ [TRAINING] plan_execution: 攻擊計畫執行
2025-10-18 22:44:43,318 - INFO - ✅ [TRAINING] experience_collection: 訓練經驗收集
2025-10-18 22:44:51,337 - INFO - ✅ [TRAINING] environment_scan: 靶場環境檢測
2025-10-18 22:44:51,338 - INFO - ✅ [TRAINING] plan_generation: 攻擊計畫生成與抗幻覺驗證
2025-10-18 22:44:51,338 - INFO - ✅ [TRAINING] intelligent_decision: 增強決策代理分析
2025-10-18 22:44:53,351 - INFO - ✅ [TRAINING] plan_execution: 攻擊計畫執行
2025-10-18 22:44:53,351 - INFO - ✅ [TRAINING] experience_collection: 訓練經驗收集
2025-10-18 22:45:01,393 - INFO - ✅ [TRAINING] environment_scan: 靶場環境檢測
2025-10-18 22:45:01,394 - INFO - ✅ [TRAINING] plan_generation: 攻擊計畫生成與抗幻覺驗證
2025-10-18 22:45:01,394 - INFO - ✅ [TRAINING] intelligent_decision: 增強決策代理分析
2025-10-18 22:45:03,397 - INFO - ✅ [TRAINING] plan_execution: 攻擊計畫執行
2025-10-18 22:45:03,398 - INFO - ✅ [TRAINING] experience_collection: 訓練經驗收集
2025-10-18 22:45:11,425 - INFO - ✅ [TRAINING] environment_scan: 靶場環境檢測
2025-10-18 22:45:11,427 - INFO - ✅ [TRAINING] plan_generation: 攻擊計畫生成與抗幻覺驗證
2025-10-18 22:45:11,428 - INFO - ✅ [TRAINING] intelligent_decision: 增強決策代理分析
2025-10-18 22:45:13,428 - INFO - ✅ [TRAINING] plan_execution: 攻擊計畫執行
2025-10-18 22:45:13,429 - INFO - ✅ [TRAINING] experience_collection: 訓練經驗收集
2025-10-18 22:45:21,458 - INFO - ✅ [TRAINING] environment_scan: 靶場環境檢測
2025-10-18 22:45:21,459 - INFO - ✅ [TRAINING] plan_generation: 攻擊計畫生成與抗幻覺驗證
2025-10-18 22:45:21,460 - INFO - ✅ [TRAINING] intelligent_decision: 增強決策代理分析
2025-10-18 22:45:23,474 - INFO - ✅ [TRAINING] plan_execution: 攻擊計畫執行
2025-10-18 22:45:23,475 - INFO - ✅ [TRAINING] experience_collection: 訓練經驗收集
2025-10-18 22:45:31,501 - INFO - ✅ [TRAINING] environment_scan: 靶場環境檢測
2025-10-18 22:45:31,502 - INFO - ✅ [TRAINING] plan_generation: 攻擊計畫生成與抗幻覺驗證
2025-10-18 22:45:31,503 - INFO - ✅ [TRAINING] intelligent_decision: 增強決策代理分析
2025-10-18 22:45:33,509 - INFO - ✅ [TRAINING] plan_execution: 攻擊計畫執行
2025-10-18 22:45:33,510 - INFO - ✅ [TRAINING] experience_collection: 訓練經驗收集
2025-10-18 22:45:41,533 - INFO - ✅ [TRAINING] environment_scan: 靶場環境檢測
2025-10-18 22:45:41,534 - INFO - ✅ [TRAINING] plan_generation: 攻擊計畫生成與抗幻覺驗證
2025-10-18 22:45:41,534 - INFO - ✅ [TRAINING] intelligent_decision: 增強決策代理分析
2025-10-18 22:45:43,535 - INFO - ✅ [TRAINING] plan_execution: 攻擊計畫執行
2025-10-18 22:45:43,536 - INFO - ✅ [TRAINING] experience_collection: 訓練經驗收集
2025-10-18 22:45:51,567 - INFO - ✅ [TRAINING] environment_scan: 靶場環境檢測
2025-10-18 22:45:51,568 - INFO - ✅ [TRAINING] plan_generation: 攻擊計畫生成與抗幻覺驗證
2025-10-18 22:45:51,568 - INFO - ✅ [TRAINING] intelligent_decision: 增強決策代理分析
2025-10-18 22:45:53,572 - INFO - ✅ [TRAINING] plan_execution: 攻擊計畫執行
2025-10-18 22:45:53,573 - INFO - ✅ [TRAINING] experience_collection: 訓練經驗收集
2025-10-18 22:46:01,595 - INFO - ✅ [TRAINING] environment_scan: 靶場環境檢測
2025-10-18 22:46:01,596 - INFO - ✅ [TRAINING] plan_generation: 攻擊計畫生成與抗幻覺驗證
2025-10-18 22:46:01,597 - INFO - ✅ [TRAINING] intelligent_decision: 增強決策代理分析
2025-10-18 22:46:03,602 - INFO - ✅ [TRAINING] plan_execution: 攻擊計畫執行
2025-10-18 22:46:03,602 - INFO - ✅ [TRAINING] experience_collection: 訓練經驗收集
2025-10-18 22:46:11,627 - INFO - ✅ [TRAINING] environment_scan: 靶場環境檢測
2025-10-18 22:46:11,628 - INFO - ✅ [TRAINING] plan_generation: 攻擊計畫生成與抗幻覺驗證
2025-10-18 22:46:11,628 - INFO - ✅ [TRAINING] intelligent_decision: 增強決策代理分析
2025-10-18 22:46:13,629 - INFO - ✅ [TRAINING] plan_execution: 攻擊計畫執行
2025-10-18 22:46:13,630 - INFO - ✅ [TRAINING] experience_collection: 訓練經驗收集
2025-10-18 22:46:21,651 - INFO - ✅ [TRAINING] environment_scan: 靶場環境檢測
2025-10-18 22:46:21,652 - INFO - ✅ [TRAINING] plan_generation: 攻擊計畫生成與抗幻覺驗證
2025-10-18 22:46:21,653 - INFO - ✅ [TRAINING] intelligent_decision: 增強決策代理分析
2025-10-18 22:46:23,666 - INFO - ✅ [TRAINING] plan_execution: 攻擊計畫執行
2025-10-18 22:46:23,667 - INFO - ✅ [TRAINING] experience_collection: 訓練經驗收集
2025-10-18 22:46:31,694 - INFO - ✅ [TRAINING] environment_scan: 靶場環境檢測
2025-10-18 22:46:31,695 - INFO - ✅ [TRAINING] plan_generation: 攻擊計畫生成與抗幻覺驗證
2025-10-18 22:46:31,695 - INFO - ✅ [TRAINING] intelligent_decision: 增強決策代理分析
2025-10-18 22:46:33,704 - INFO - ✅ [TRAINING] plan_execution: 攻擊計畫執行
2025-10-18 22:46:33,705 - INFO - ✅ [TRAINING] experience_collection: 訓練經驗收集
2025-10-18 22:46:41,745 - INFO - ✅ [TRAINING] environment_scan: 靶場環境檢測
2025-10-18 22:46:41,746 - INFO - ✅ [TRAINING] plan_generation: 攻擊計畫生成與抗幻覺驗證
2025-10-18 22:46:41,747 - INFO - ✅ [TRAINING] intelligent_decision: 增強決策代理分析
2025-10-18 22:46:43,748 - INFO - ✅ [TRAINING] plan_execution: 攻擊計畫執行
2025-10-18 22:46:43,749 - INFO - ✅ [TRAINING] experience_collection: 訓練經驗收集
2025-10-18 22:46:51,782 - INFO - ✅ [TRAINING] environment_scan: 靶場環境檢測
2025-10-18 22:46:51,783 - INFO - ✅ [TRAINING] plan_generation: 攻擊計畫生成與抗幻覺驗證
2025-10-18 22:46:51,784 - INFO - ✅ [TRAINING] intelligent_decision: 增強決策代理分析
2025-10-18 22:46:53,790 - INFO - ✅ [TRAINING] plan_execution: 攻擊計畫執行
2025-10-18 22:46:53,791 - INFO - ✅ [TRAINING] experience_collection: 訓練經驗收集
2025-10-18 22:47:01,827 - INFO - ✅ [TRAINING] environment_scan: 靶場環境檢測
2025-10-18 22:47:01,828 - INFO - ✅ [TRAINING] plan_generation: 攻擊計畫生成與抗幻覺驗證
2025-10-18 22:47:01,828 - INFO - ✅ [TRAINING] intelligent_decision: 增強決策代理分析
2025-10-18 22:47:03,831 - INFO - ✅ [TRAINING] plan_execution: 攻擊計畫執行
2025-10-18 22:47:03,832 - INFO - ✅ [TRAINING] experience_collection: 訓練經驗收集
2025-10-18 22:47:11,848 - INFO - ✅ [TRAINING] environment_scan: 靶場環境檢測
2025-10-18 22:47:11,849 - INFO - ✅ [TRAINING] plan_generation: 攻擊計畫生成與抗幻覺驗證
2025-10-18 22:47:11,850 - INFO - ✅ [TRAINING] intelligent_decision: 增強決策代理分析
2025-10-18 22:47:13,852 - INFO - ✅ [TRAINING] plan_execution: 攻擊計畫執行
2025-10-18 22:47:13,853 - INFO - ✅ [TRAINING] experience_collection: 訓練經驗收集
2025-10-18 22:47:21,886 - INFO - ✅ [TRAINING] environment_scan: 靶場環境檢測
2025-10-18 22:47:21,887 - INFO - ✅ [TRAINING] plan_generation: 攻擊計畫生成與抗幻覺驗證
2025-10-18 22:47:21,888 - INFO - ✅ [TRAINING] intelligent_decision: 增強決策代理分析
2025-10-18 22:47:23,903 - INFO - ✅ [TRAINING] plan_execution: 攻擊計畫執行
2025-10-18 22:47:23,903 - INFO - ✅ [TRAINING] experience_collection: 訓練經驗收集
2025-10-18 22:47:31,944 - INFO - ✅ [TRAINING] environment_scan: 靶場環境檢測
2025-10-18 22:47:31,945 - INFO - ✅ [TRAINING] plan_generation: 攻擊計畫生成與抗幻覺驗證
2025-10-18 22:47:31,946 - INFO - ✅ [TRAINING] intelligent_decision: 增強決策代理分析
2025-10-18 22:47:33,955 - INFO - ✅ [TRAINING] plan_execution: 攻擊計畫執行
2025-10-18 22:47:33,956 - INFO - ✅ [TRAINING] experience_collection: 訓練經驗收集
2025-10-18 22:47:41,988 - INFO - ✅ [TRAINING] environment_scan: 靶場環境檢測
2025-10-18 22:47:41,989 - INFO - ✅ [TRAINING] plan_generation: 攻擊計畫生成與抗幻覺驗證
2025-10-18 22:47:41,990 - INFO - ✅ [TRAINING] intelligent_decision: 增強決策代理分析
2025-10-18 22:47:43,995 - INFO - ✅ [TRAINING] plan_execution: 攻擊計畫執行
2025-10-18 22:47:43,996 - INFO - ✅ [TRAINING] experience_collection: 訓練經驗收集
2025-10-18 22:47:52,008 - INFO - ✅ [TRAINING] environment_scan: 靶場環境檢測
2025-10-18 22:47:52,009 - INFO - ✅ [TRAINING] plan_generation: 攻擊計畫生成與抗幻覺驗證
2025-10-18 22:47:52,010 - INFO - ✅ [TRAINING] intelligent_decision: 增強決策代理分析
2025-10-18 22:47:54,018 - INFO - ✅ [TRAINING] plan_execution: 攻擊計畫執行
2025-10-18 22:47:54,018 - INFO - ✅ [TRAINING] experience_collection: 訓練經驗收集
2025-10-18 22:48:02,050 - INFO - ✅ [TRAINING] environment_scan: 靶場環境檢測
2025-10-18 22:48:02,051 - INFO - ✅ [TRAINING] plan_generation: 攻擊計畫生成與抗幻覺驗證
2025-10-18 22:48:02,052 - INFO - ✅ [TRAINING] intelligent_decision: 增強決策代理分析
2025-10-18 22:48:04,063 - INFO - ✅ [TRAINING] plan_execution: 攻擊計畫執行
2025-10-18 22:48:04,063 - INFO - ✅ [TRAINING] experience_collection: 訓練經驗收集
2025-10-18 22:48:12,093 - INFO - ✅ [TRAINING] environment_scan: 靶場環境檢測
2025-10-18 22:48:12,094 - INFO - ✅ [TRAINING] plan_generation: 攻擊計畫生成與抗幻覺驗證
2025-10-18 22:48:12,096 - INFO - ✅ [TRAINING] intelligent_decision: 增強決策代理分析
2025-10-18 22:48:14,107 - INFO - ✅ [TRAINING] plan_execution: 攻擊計畫執行
2025-10-18 22:48:14,108 - INFO - ✅ [TRAINING] experience_collection: 訓練經驗收集
2025-10-18 22:48:22,140 - INFO - ✅ [TRAINING] environment_scan: 靶場環境檢測
2025-10-18 22:48:22,141 - INFO - ✅ [TRAINING] plan_generation: 攻擊計畫生成與抗幻覺驗證
2025-10-18 22:48:22,142 - INFO - ✅ [TRAINING] intelligent_decision: 增強決策代理分析
2025-10-18 22:48:24,147 - INFO - ✅ [TRAINING] plan_execution: 攻擊計畫執行
2025-10-18 22:48:24,148 - INFO - ✅ [TRAINING] experience_collection: 訓練經驗收集
2025-10-18 22:48:32,175 - INFO - ✅ [TRAINING] environment_scan: 靶場環境檢測
2025-10-18 22:48:32,176 - INFO - ✅ [TRAINING] plan_generation: 攻擊計畫生成與抗幻覺驗證
2025-10-18 22:48:32,176 - INFO - ✅ [TRAINING] intelligent_decision: 增強決策代理分析
2025-10-18 22:48:34,177 - INFO - ✅ [TRAINING] plan_execution: 攻擊計畫執行
2025-10-18 22:48:34,178 - INFO - ✅ [TRAINING] experience_collection: 訓練經驗收集
2025-10-18 22:48:42,207 - INFO - ✅ [TRAINING] environment_scan: 靶場環境檢測
2025-10-18 22:48:42,208 - INFO - ✅ [TRAINING] plan_generation: 攻擊計畫生成與抗幻覺驗證
2025-10-18 22:48:42,209 - INFO - ✅ [TRAINING] intelligent_decision: 增強決策代理分析
2025-10-18 22:48:44,213 - INFO - ✅ [TRAINING] plan_execution: 攻擊計畫執行
2025-10-18 22:48:44,214 - INFO - ✅ [TRAINING] experience_collection: 訓練經驗收集
2025-10-18 22:48:52,245 - INFO - ✅ [TRAINING] environment_scan: 靶場環境檢測
2025-10-18 22:48:52,246 - INFO - ✅ [TRAINING] plan_generation: 攻擊計畫生成與抗幻覺驗證
2025-10-18 22:48:52,246 - INFO - ✅ [TRAINING] intelligent_decision: 增強決策代理分析
2025-10-18 22:48:54,247 - INFO - ✅ [TRAINING] plan_execution: 攻擊計畫執行
2025-10-18 22:48:54,247 - INFO - ✅ [TRAINING] experience_collection: 訓練經驗收集
2025-10-18 22:49:02,287 - INFO - ✅ [TRAINING] environment_scan: 靶場環境檢測
2025-10-18 22:49:02,289 - INFO - ✅ [TRAINING] plan_generation: 攻擊計畫生成與抗幻覺驗證
2025-10-18 22:49:02,289 - INFO - ✅ [TRAINING] intelligent_decision: 增強決策代理分析
2025-10-18 22:49:04,291 - INFO - ✅ [TRAINING] plan_execution: 攻擊計畫執行
2025-10-18 22:49:04,292 - INFO - ✅ [TRAINING] experience_collection: 訓練經驗收集
2025-10-18 22:49:12,321 - INFO - ✅ [TRAINING] environment_scan: 靶場環境檢測
2025-10-18 22:49:12,322 - INFO - ✅ [TRAINING] plan_generation: 攻擊計畫生成與抗幻覺驗證
2025-10-18 22:49:12,322 - INFO - ✅ [TRAINING] intelligent_decision: 增強決策代理分析
2025-10-18 22:49:14,332 - INFO - ✅ [TRAINING] plan_execution: 攻擊計畫執行
2025-10-18 22:49:14,333 - INFO - ✅ [TRAINING] experience_collection: 訓練經驗收集
2025-10-18 22:49:22,355 - INFO - ✅ [TRAINING] environment_scan: 靶場環境檢測
2025-10-18 22:49:22,356 - INFO - ✅ [TRAINING] plan_generation: 攻擊計畫生成與抗幻覺驗證
2025-10-18 22:49:22,357 - INFO - ✅ [TRAINING] intelligent_decision: 增強決策代理分析
2025-10-18 22:49:24,358 - INFO - ✅ [TRAINING] plan_execution: 攻擊計畫執行
2025-10-18 22:49:24,358 - INFO - ✅ [TRAINING] experience_collection: 訓練經驗收集
2025-10-18 22:49:32,375 - INFO - ✅ [TRAINING] environment_scan: 靶場環境檢測
2025-10-18 22:49:32,376 - INFO - ✅ [TRAINING] plan_generation: 攻擊計畫生成與抗幻覺驗證
2025-10-18 22:49:32,376 - INFO - ✅ [TRAINING] intelligent_decision: 增強決策代理分析
2025-10-18 22:49:34,385 - INFO - ✅ [TRAINING] plan_execution: 攻擊計畫執行
2025-10-18 22:49:34,385 - INFO - ✅ [TRAINING] experience_collection: 訓練經驗收集
2025-10-18 22:49:42,418 - INFO - ✅ [TRAINING] environment_scan: 靶場環境檢測
2025-10-18 22:49:42,419 - INFO - ✅ [TRAINING] plan_generation: 攻擊計畫生成與抗幻覺驗證
2025-10-18 22:49:42,420 - INFO - ✅ [TRAINING] intelligent_decision: 增強決策代理分析
2025-10-18 22:49:44,423 - INFO - ✅ [TRAINING] plan_execution: 攻擊計畫執行
2025-10-18 22:49:44,423 - INFO - ✅ [TRAINING] experience_collection: 訓練經驗收集
2025-10-18 22:49:52,458 - INFO - ✅ [TRAINING] environment_scan: 靶場環境檢測
2025-10-18 22:49:52,459 - INFO - ✅ [TRAINING] plan_generation: 攻擊計畫生成與抗幻覺驗證
2025-10-18 22:49:52,460 - INFO - ✅ [TRAINING] intelligent_decision: 增強決策代理分析
2025-10-18 22:49:54,462 - INFO - ✅ [TRAINING] plan_execution: 攻擊計畫執行
2025-10-18 22:49:54,463 - INFO - ✅ [TRAINING] experience_collection: 訓練經驗收集
2025-10-18 22:50:02,490 - INFO - ✅ [TRAINING] environment_scan: 靶場環境檢測
2025-10-18 22:50:02,492 - INFO - ✅ [TRAINING] plan_generation: 攻擊計畫生成與抗幻覺驗證
2025-10-18 22:50:02,493 - INFO - ✅ [TRAINING] intelligent_decision: 增強決策代理分析
2025-10-18 22:50:04,505 - INFO - ✅ [TRAINING] plan_execution: 攻擊計畫執行
2025-10-18 22:50:04,506 - INFO - ✅ [TRAINING] experience_collection: 訓練經驗收集
2025-10-18 22:50:12,536 - INFO - ✅ [TRAINING] environment_scan: 靶場環境檢測
2025-10-18 22:50:12,537 - INFO - ✅ [TRAINING] plan_generation: 攻擊計畫生成與抗幻覺驗證
2025-10-18 22:50:12,538 - INFO - ✅ [TRAINING] intelligent_decision: 增強決策代理分析
2025-10-18 22:50:14,540 - INFO - ✅ [TRAINING] plan_execution: 攻擊計畫執行
2025-10-18 22:50:14,541 - INFO - ✅ [TRAINING] experience_collection: 訓練經驗收集
2025-10-18 22:50:22,571 - INFO - ✅ [TRAINING] environment_scan: 靶場環境檢測
2025-10-18 22:50:22,572 - INFO - ✅ [TRAINING] plan_generation: 攻擊計畫生成與抗幻覺驗證
2025-10-18 22:50:22,573 - INFO - ✅ [TRAINING] intelligent_decision: 增強決策代理分析
2025-10-18 22:50:24,575 - INFO - ✅ [TRAINING] plan_execution: 攻擊計畫執行
2025-10-18 22:50:24,576 - INFO - ✅ [TRAINING] experience_collection: 訓練經驗收集
2025-10-18 22:50:32,612 - INFO - ✅ [TRAINING] environment_scan: 靶場環境檢測
2025-10-18 22:50:32,614 - INFO - ✅ [TRAINING] plan_generation: 攻擊計畫生成與抗幻覺驗證
2025-10-18 22:50:32,615 - INFO - ✅ [TRAINING] intelligent_decision: 增強決策代理分析
2025-10-18 22:50:34,629 - INFO - ✅ [TRAINING] plan_execution: 攻擊計畫執行
2025-10-18 22:50:34,630 - INFO - ✅ [TRAINING] experience_collection: 訓練經驗收集
2025-10-18 22:50:42,664 - INFO - ✅ [TRAINING] environment_scan: 靶場環境檢測
2025-10-18 22:50:42,665 - INFO - ✅ [TRAINING] plan_generation: 攻擊計畫生成與抗幻覺驗證
2025-10-18 22:50:42,666 - INFO - ✅ [TRAINING] intelligent_decision: 增強決策代理分析
2025-10-18 22:50:44,679 - INFO - ✅ [TRAINING] plan_execution: 攻擊計畫執行
2025-10-18 22:50:44,679 - INFO - ✅ [TRAINING] experience_collection: 訓練經驗收集
2025-10-18 22:50:52,708 - INFO - ✅ [TRAINING] environment_scan: 靶場環境檢測
2025-10-18 22:50:52,709 - INFO - ✅ [TRAINING] plan_generation: 攻擊計畫生成與抗幻覺驗證
2025-10-18 22:50:52,710 - INFO - ✅ [TRAINING] intelligent_decision: 增強決策代理分析
2025-10-18 22:50:54,713 - INFO - ✅ [TRAINING] plan_execution: 攻擊計畫執行
2025-10-18 22:50:54,713 - INFO - ✅ [TRAINING] experience_collection: 訓練經驗收集
2025-10-18 22:51:02,736 - INFO - ✅ [TRAINING] environment_scan: 靶場環境檢測
2025-10-18 22:51:02,737 - INFO - ✅ [TRAINING] plan_generation: 攻擊計畫生成與抗幻覺驗證
2025-10-18 22:51:02,737 - INFO - ✅ [TRAINING] intelligent_decision: 增強決策代理分析
2025-10-18 22:51:04,741 - INFO - ✅ [TRAINING] plan_execution: 攻擊計畫執行
2025-10-18 22:51:04,741 - INFO - ✅ [TRAINING] experience_collection: 訓練經驗收集
2025-10-18 22:51:12,779 - INFO - ✅ [TRAINING] environment_scan: 靶場環境檢測
2025-10-18 22:51:12,780 - INFO - ✅ [TRAINING] plan_generation: 攻擊計畫生成與抗幻覺驗證
2025-10-18 22:51:12,781 - INFO - ✅ [TRAINING] intelligent_decision: 增強決策代理分析
2025-10-18 22:51:14,784 - INFO - ✅ [TRAINING] plan_execution: 攻擊計畫執行
2025-10-18 22:51:14,784 - INFO - ✅ [TRAINING] experience_collection: 訓練經驗收集
2025-10-18 22:51:22,816 - INFO - ✅ [TRAINING] environment_scan: 靶場環境檢測
2025-10-18 22:51:22,817 - INFO - ✅ [TRAINING] plan_generation: 攻擊計畫生成與抗幻覺驗證
2025-10-18 22:51:22,818 - INFO - ✅ [TRAINING] intelligent_decision: 增強決策代理分析
2025-10-18 22:51:24,819 - INFO - ✅ [TRAINING] plan_execution: 攻擊計畫執行
2025-10-18 22:51:24,819 - INFO - ✅ [TRAINING] experience_collection: 訓練經驗收集
2025-10-18 22:51:32,846 - INFO - ✅ [TRAINING] environment_scan: 靶場環境檢測
2025-10-18 22:51:32,847 - INFO - ✅ [TRAINING] plan_generation: 攻擊計畫生成與抗幻覺驗證
2025-10-18 22:51:32,848 - INFO - ✅ [TRAINING] intelligent_decision: 增強決策代理分析
2025-10-18 22:51:34,850 - INFO - ✅ [TRAINING] plan_execution: 攻擊計畫執行
2025-10-18 22:51:34,850 - INFO - ✅ [TRAINING] experience_collection: 訓練經驗收集
2025-10-18 22:51:42,874 - INFO - ✅ [TRAINING] environment_scan: 靶場環境檢測
2025-10-18 22:51:42,875 - INFO - ✅ [TRAINING] plan_generation: 攻擊計畫生成與抗幻覺驗證
2025-10-18 22:51:42,876 - INFO - ✅ [TRAINING] intelligent_decision: 增強決策代理分析
2025-10-18 22:51:44,884 - INFO - ✅ [TRAINING] plan_execution: 攻擊計畫執行
2025-10-18 22:51:44,884 - INFO - ✅ [TRAINING] experience_collection: 訓練經驗收集
2025-10-18 22:51:52,908 - INFO - ✅ [TRAINING] environment_scan: 靶場環境檢測
2025-10-18 22:51:52,909 - INFO - ✅ [TRAINING] plan_generation: 攻擊計畫生成與抗幻覺驗證
2025-10-18 22:51:52,909 - INFO - ✅ [TRAINING] intelligent_decision: 增強決策代理分析
2025-10-18 22:51:54,912 - INFO - ✅ [TRAINING] plan_execution: 攻擊計畫執行
2025-10-18 22:51:54,912 - INFO - ✅ [TRAINING] experience_collection: 訓練經驗收集
2025-10-18 22:52:02,950 - INFO - ✅ [TRAINING] environment_scan: 靶場環境檢測
2025-10-18 22:52:02,951 - INFO - ✅ [TRAINING] plan_generation: 攻擊計畫生成與抗幻覺驗證
2025-10-18 22:52:02,952 - INFO - ✅ [TRAINING] intelligent_decision: 增強決策代理分析
2025-10-18 22:52:04,960 - INFO - ✅ [TRAINING] plan_execution: 攻擊計畫執行
2025-10-18 22:52:04,960 - INFO - ✅ [TRAINING] experience_collection: 訓練經驗收集
2025-10-18 22:52:12,988 - INFO - ✅ [TRAINING] environment_scan: 靶場環境檢測
2025-10-18 22:52:12,989 - INFO - ✅ [TRAINING] plan_generation: 攻擊計畫生成與抗幻覺驗證
2025-10-18 22:52:12,990 - INFO - ✅ [TRAINING] intelligent_decision: 增強決策代理分析
2025-10-18 22:52:15,004 - INFO - ✅ [TRAINING] plan_execution: 攻擊計畫執行
2025-10-18 22:52:15,005 - INFO - ✅ [TRAINING] experience_collection: 訓練經驗收集
2025-10-18 22:52:23,034 - INFO - ✅ [TRAINING] environment_scan: 靶場環境檢測
2025-10-18 22:52:23,035 - INFO - ✅ [TRAINING] plan_generation: 攻擊計畫生成與抗幻覺驗證
2025-10-18 22:52:23,036 - INFO - ✅ [TRAINING] intelligent_decision: 增強決策代理分析
2025-10-18 22:52:25,043 - INFO - ✅ [TRAINING] plan_execution: 攻擊計畫執行
2025-10-18 22:52:25,044 - INFO - ✅ [TRAINING] experience_collection: 訓練經驗收集
2025-10-18 22:52:33,062 - INFO - ✅ [TRAINING] environment_scan: 靶場環境檢測
2025-10-18 22:52:33,062 - INFO - ✅ [TRAINING] plan_generation: 攻擊計畫生成與抗幻覺驗證
2025-10-18 22:52:33,063 - INFO - ✅ [TRAINING] intelligent_decision: 增強決策代理分析
2025-10-18 22:52:35,064 - INFO - ✅ [TRAINING] plan_execution: 攻擊計畫執行
2025-10-18 22:52:35,065 - INFO - ✅ [TRAINING] experience_collection: 訓練經驗收集
2025-10-18 22:52:43,084 - INFO - ✅ [TRAINING] environment_scan: 靶場環境檢測
2025-10-18 22:52:43,085 - INFO - ✅ [TRAINING] plan_generation: 攻擊計畫生成與抗幻覺驗證
2025-10-18 22:52:43,086 - INFO - ✅ [TRAINING] intelligent_decision: 增強決策代理分析
2025-10-18 22:52:45,087 - INFO - ✅ [TRAINING] plan_execution: 攻擊計畫執行
2025-10-18 22:52:45,088 - INFO - ✅ [TRAINING] experience_collection: 訓練經驗收集
2025-10-18 22:52:53,111 - INFO - ✅ [TRAINING] environment_scan: 靶場環境檢測
2025-10-18 22:52:53,112 - INFO - ✅ [TRAINING] plan_generation: 攻擊計畫生成與抗幻覺驗證
2025-10-18 22:52:53,112 - INFO - ✅ [TRAINING] intelligent_decision: 增強決策代理分析
2025-10-18 22:52:55,114 - INFO - ✅ [TRAINING] plan_execution: 攻擊計畫執行
2025-10-18 22:52:55,115 - INFO - ✅ [TRAINING] experience_collection: 訓練經驗收集
2025-10-18 22:53:03,144 - INFO - ✅ [TRAINING] environment_scan: 靶場環境檢測
2025-10-18 22:53:03,145 - INFO - ✅ [TRAINING] plan_generation: 攻擊計畫生成與抗幻覺驗證
2025-10-18 22:53:03,146 - INFO - ✅ [TRAINING] intelligent_decision: 增強決策代理分析
2025-10-18 22:53:05,153 - INFO - ✅ [TRAINING] plan_execution: 攻擊計畫執行
2025-10-18 22:53:05,154 - INFO - ✅ [TRAINING] experience_collection: 訓練經驗收集
2025-10-18 22:53:13,172 - INFO - ✅ [TRAINING] environment_scan: 靶場環境檢測
2025-10-18 22:53:13,173 - INFO - ✅ [TRAINING] plan_generation: 攻擊計畫生成與抗幻覺驗證
2025-10-18 22:53:13,174 - INFO - ✅ [TRAINING] intelligent_decision: 增強決策代理分析
2025-10-18 22:53:15,181 - INFO - ✅ [TRAINING] plan_execution: 攻擊計畫執行
2025-10-18 22:53:15,182 - INFO - ✅ [TRAINING] experience_collection: 訓練經驗收集
2025-10-18 22:53:23,209 - INFO - ✅ [TRAINING] environment_scan: 靶場環境檢測
2025-10-18 22:53:23,210 - INFO - ✅ [TRAINING] plan_generation: 攻擊計畫生成與抗幻覺驗證
2025-10-18 22:53:23,211 - INFO - ✅ [TRAINING] intelligent_decision: 增強決策代理分析
2025-10-18 22:53:25,223 - INFO - ✅ [TRAINING] plan_execution: 攻擊計畫執行
2025-10-18 22:53:25,224 - INFO - ✅ [TRAINING] experience_collection: 訓練經驗收集
2025-10-18 22:53:33,260 - INFO - ✅ [TRAINING] environment_scan: 靶場環境檢測
2025-10-18 22:53:33,261 - INFO - ✅ [TRAINING] plan_generation: 攻擊計畫生成與抗幻覺驗證
2025-10-18 22:53:33,262 - INFO - ✅ [TRAINING] intelligent_decision: 增強決策代理分析
2025-10-18 22:53:35,274 - INFO - ✅ [TRAINING] plan_execution: 攻擊計畫執行
2025-10-18 22:53:35,274 - INFO - ✅ [TRAINING] experience_collection: 訓練經驗收集
2025-10-18 22:53:43,289 - INFO - ✅ [TRAINING] environment_scan: 靶場環境檢測
2025-10-18 22:53:43,290 - INFO - ✅ [TRAINING] plan_generation: 攻擊計畫生成與抗幻覺驗證
2025-10-18 22:53:43,290 - INFO - ✅ [TRAINING] intelligent_decision: 增強決策代理分析
2025-10-18 22:53:45,306 - INFO - ✅ [TRAINING] plan_execution: 攻擊計畫執行
2025-10-18 22:53:45,306 - INFO - ✅ [TRAINING] experience_collection: 訓練經驗收集
2025-10-18 22:53:53,332 - INFO - ✅ [TRAINING] environment_scan: 靶場環境檢測
2025-10-18 22:53:53,333 - INFO - ✅ [TRAINING] plan_generation: 攻擊計畫生成與抗幻覺驗證
2025-10-18 22:53:53,334 - INFO - ✅ [TRAINING] intelligent_decision: 增強決策代理分析
2025-10-18 22:53:55,340 - INFO - ✅ [TRAINING] plan_execution: 攻擊計畫執行
2025-10-18 22:53:55,340 - INFO - ✅ [TRAINING] experience_collection: 訓練經驗收集
2025-10-18 22:54:03,367 - INFO - ✅ [TRAINING] environment_scan: 靶場環境檢測
2025-10-18 22:54:03,368 - INFO - ✅ [TRAINING] plan_generation: 攻擊計畫生成與抗幻覺驗證
2025-10-18 22:54:03,369 - INFO - ✅ [TRAINING] intelligent_decision: 增強決策代理分析
2025-10-18 22:54:05,376 - INFO - ✅ [TRAINING] plan_execution: 攻擊計畫執行
2025-10-18 22:54:05,377 - INFO - ✅ [TRAINING] experience_collection: 訓練經驗收集
2025-10-18 22:54:13,395 - INFO - ✅ [TRAINING] environment_scan: 靶場環境檢測
2025-10-18 22:54:13,396 - INFO - ✅ [TRAINING] plan_generation: 攻擊計畫生成與抗幻覺驗證
2025-10-18 22:54:13,397 - INFO - ✅ [TRAINING] intelligent_decision: 增強決策代理分析
2025-10-18 22:54:15,406 - INFO - ✅ [TRAINING] plan_execution: 攻擊計畫執行
2025-10-18 22:54:15,407 - INFO - ✅ [TRAINING] experience_collection: 訓練經驗收集
2025-10-18 22:54:23,440 - INFO - ✅ [TRAINING] environment_scan: 靶場環境檢測
2025-10-18 22:54:23,441 - INFO - ✅ [TRAINING] plan_generation: 攻擊計畫生成與抗幻覺驗證
2025-10-18 22:54:23,442 - INFO - ✅ [TRAINING] intelligent_decision: 增強決策代理分析
2025-10-18 22:54:25,450 - INFO - ✅ [TRAINING] plan_execution: 攻擊計畫執行
2025-10-18 22:54:25,451 - INFO - ✅ [TRAINING] experience_collection: 訓練經驗收集
2025-10-18 22:54:33,484 - INFO - ✅ [TRAINING] environment_scan: 靶場環境檢測
2025-10-18 22:54:33,485 - INFO - ✅ [TRAINING] plan_generation: 攻擊計畫生成與抗幻覺驗證
2025-10-18 22:54:33,486 - INFO - ✅ [TRAINING] intelligent_decision: 增強決策代理分析
2025-10-18 22:54:35,498 - INFO - ✅ [TRAINING] plan_execution: 攻擊計畫執行
2025-10-18 22:54:35,499 - INFO - ✅ [TRAINING] experience_collection: 訓練經驗收集
2025-10-18 22:54:43,527 - INFO - ✅ [TRAINING] environment_scan: 靶場環境檢測
2025-10-18 22:54:43,528 - INFO - ✅ [TRAINING] plan_generation: 攻擊計畫生成與抗幻覺驗證
2025-10-18 22:54:43,529 - INFO - ✅ [TRAINING] intelligent_decision: 增強決策代理分析
2025-10-18 22:54:45,536 - INFO - ✅ [TRAINING] plan_execution: 攻擊計畫執行
2025-10-18 22:54:45,536 - INFO - ✅ [TRAINING] experience_collection: 訓練經驗收集
2025-10-18 22:54:53,596 - INFO - ✅ [TRAINING] environment_scan: 靶場環境檢測
2025-10-18 22:54:53,597 - INFO - ✅ [TRAINING] plan_generation: 攻擊計畫生成與抗幻覺驗證
2025-10-18 22:54:53,598 - INFO - ✅ [TRAINING] intelligent_decision: 增強決策代理分析
2025-10-18 22:54:55,611 - INFO - ✅ [TRAINING] plan_execution: 攻擊計畫執行
2025-10-18 22:54:55,611 - INFO - ✅ [TRAINING] experience_collection: 訓練經驗收集
2025-10-18 22:55:03,629 - INFO - ✅ [TRAINING] environment_scan: 靶場環境檢測
2025-10-18 22:55:03,630 - INFO - ✅ [TRAINING] plan_generation: 攻擊計畫生成與抗幻覺驗證
2025-10-18 22:55:03,631 - INFO - ✅ [TRAINING] intelligent_decision: 增強決策代理分析
2025-10-18 22:55:05,635 - INFO - ✅ [TRAINING] plan_execution: 攻擊計畫執行
2025-10-18 22:55:05,636 - INFO - ✅ [TRAINING] experience_collection: 訓練經驗收集
2025-10-18 22:55:13,650 - INFO - ✅ [TRAINING] environment_scan: 靶場環境檢測
2025-10-18 22:55:13,651 - INFO - ✅ [TRAINING] plan_generation: 攻擊計畫生成與抗幻覺驗證
2025-10-18 22:55:13,652 - INFO - ✅ [TRAINING] intelligent_decision: 增強決策代理分析
2025-10-18 22:55:15,655 - INFO - ✅ [TRAINING] plan_execution: 攻擊計畫執行
2025-10-18 22:55:15,655 - INFO - ✅ [TRAINING] experience_collection: 訓練經驗收集
2025-10-18 22:55:23,683 - INFO - ✅ [TRAINING] environment_scan: 靶場環境檢測
2025-10-18 22:55:23,684 - INFO - ✅ [TRAINING] plan_generation: 攻擊計畫生成與抗幻覺驗證
2025-10-18 22:55:23,685 - INFO - ✅ [TRAINING] intelligent_decision: 增強決策代理分析
2025-10-18 22:55:25,694 - INFO - ✅ [TRAINING] plan_execution: 攻擊計畫執行
2025-10-18 22:55:25,695 - INFO - ✅ [TRAINING] experience_collection: 訓練經驗收集
2025-10-18 22:55:33,734 - INFO - ✅ [TRAINING] environment_scan: 靶場環境檢測
2025-10-18 22:55:33,735 - INFO - ✅ [TRAINING] plan_generation: 攻擊計畫生成與抗幻覺驗證
2025-10-18 22:55:33,736 - INFO - ✅ [TRAINING] intelligent_decision: 增強決策代理分析
2025-10-18 22:55:35,745 - INFO - ✅ [TRAINING] plan_execution: 攻擊計畫執行
2025-10-18 22:55:35,746 - INFO - ✅ [TRAINING] experience_collection: 訓練經驗收集
2025-10-18 22:55:43,781 - INFO - ✅ [TRAINING] environment_scan: 靶場環境檢測
2025-10-18 22:55:43,782 - INFO - ✅ [TRAINING] plan_generation: 攻擊計畫生成與抗幻覺驗證
2025-10-18 22:55:43,783 - INFO - ✅ [TRAINING] intelligent_decision: 增強決策代理分析
2025-10-18 22:55:45,794 - INFO - ✅ [TRAINING] plan_execution: 攻擊計畫執行
2025-10-18 22:55:45,795 - INFO - ✅ [TRAINING] experience_collection: 訓練經驗收集
2025-10-18 22:55:53,812 - INFO - ✅ [TRAINING] environment_scan: 靶場環境檢測
2025-10-18 22:55:53,812 - INFO - ✅ [TRAINING] plan_generation: 攻擊計畫生成與抗幻覺驗證
2025-10-18 22:55:53,813 - INFO - ✅ [TRAINING] intelligent_decision: 增強決策代理分析
2025-10-18 22:55:55,818 - INFO - ✅ [TRAINING] plan_execution: 攻擊計畫執行
2025-10-18 22:55:55,818 - INFO - ✅ [TRAINING] experience_collection: 訓練經驗收集
2025-10-18 22:56:03,839 - INFO - ✅ [TRAINING] environment_scan: 靶場環境檢測
2025-10-18 22:56:03,840 - INFO - ✅ [TRAINING] plan_generation: 攻擊計畫生成與抗幻覺驗證
2025-10-18 22:56:03,841 - INFO - ✅ [TRAINING] intelligent_decision: 增強決策代理分析
2025-10-18 22:56:05,846 - INFO - ✅ [TRAINING] plan_execution: 攻擊計畫執行
2025-10-18 22:56:05,847 - INFO - ✅ [TRAINING] experience_collection: 訓練經驗收集
2025-10-18 22:56:13,877 - INFO - ✅ [TRAINING] environment_scan: 靶場環境檢測
2025-10-18 22:56:13,878 - INFO - ✅ [TRAINING] plan_generation: 攻擊計畫生成與抗幻覺驗證
2025-10-18 22:56:13,879 - INFO - ✅ [TRAINING] intelligent_decision: 增強決策代理分析
2025-10-18 22:56:15,889 - INFO - ✅ [TRAINING] plan_execution: 攻擊計畫執行
2025-10-18 22:56:15,890 - INFO - ✅ [TRAINING] experience_collection: 訓練經驗收集
2025-10-18 22:56:23,916 - INFO - ✅ [TRAINING] environment_scan: 靶場環境檢測
2025-10-18 22:56:23,917 - INFO - ✅ [TRAINING] plan_generation: 攻擊計畫生成與抗幻覺驗證
2025-10-18 22:56:23,917 - INFO - ✅ [TRAINING] intelligent_decision: 增強決策代理分析
2025-10-18 22:56:25,918 - INFO - ✅ [TRAINING] plan_execution: 攻擊計畫執行
2025-10-18 22:56:25,918 - INFO - ✅ [TRAINING] experience_collection: 訓練經驗收集
2025-10-18 22:56:33,942 - INFO - ✅ [TRAINING] environment_scan: 靶場環境檢測
2025-10-18 22:56:33,943 - INFO - ✅ [TRAINING] plan_generation: 攻擊計畫生成與抗幻覺驗證
2025-10-18 22:56:33,944 - INFO - ✅ [TRAINING] intelligent_decision: 增強決策代理分析
2025-10-18 22:56:35,950 - INFO - ✅ [TRAINING] plan_execution: 攻擊計畫執行
2025-10-18 22:56:35,951 - INFO - ✅ [TRAINING] experience_collection: 訓練經驗收集
2025-10-18 22:56:43,988 - INFO - ✅ [TRAINING] environment_scan: 靶場環境檢測
2025-10-18 22:56:43,989 - INFO - ✅ [TRAINING] plan_generation: 攻擊計畫生成與抗幻覺驗證
2025-10-18 22:56:43,990 - INFO - ✅ [TRAINING] intelligent_decision: 增強決策代理分析
2025-10-18 22:56:46,006 - INFO - ✅ [TRAINING] plan_execution: 攻擊計畫執行
2025-10-18 22:56:46,006 - INFO - ✅ [TRAINING] experience_collection: 訓練經驗收集
2025-10-18 22:56:54,026 - INFO - ✅ [TRAINING] environment_scan: 靶場環境檢測
2025-10-18 22:56:54,027 - INFO - ✅ [TRAINING] plan_generation: 攻擊計畫生成與抗幻覺驗證
2025-10-18 22:56:54,027 - INFO - ✅ [TRAINING] intelligent_decision: 增強決策代理分析
2025-10-18 22:56:56,034 - INFO - ✅ [TRAINING] plan_execution: 攻擊計畫執行
2025-10-18 22:56:56,035 - INFO - ✅ [TRAINING] experience_collection: 訓練經驗收集
2025-10-18 22:57:04,060 - INFO - ✅ [TRAINING] environment_scan: 靶場環境檢測
2025-10-18 22:57:04,061 - INFO - ✅ [TRAINING] plan_generation: 攻擊計畫生成與抗幻覺驗證
2025-10-18 22:57:04,062 - INFO - ✅ [TRAINING] intelligent_decision: 增強決策代理分析
2025-10-18 22:57:06,076 - INFO - ✅ [TRAINING] plan_execution: 攻擊計畫執行
2025-10-18 22:57:06,077 - INFO - ✅ [TRAINING] experience_collection: 訓練經驗收集
2025-10-18 22:57:14,106 - INFO - ✅ [TRAINING] environment_scan: 靶場環境檢測
2025-10-18 22:57:14,107 - INFO - ✅ [TRAINING] plan_generation: 攻擊計畫生成與抗幻覺驗證
2025-10-18 22:57:14,107 - INFO - ✅ [TRAINING] intelligent_decision: 增強決策代理分析
2025-10-18 22:57:16,122 - INFO - ✅ [TRAINING] plan_execution: 攻擊計畫執行
2025-10-18 22:57:16,123 - INFO - ✅ [TRAINING] experience_collection: 訓練經驗收集
2025-10-18 22:57:24,158 - INFO - ✅ [TRAINING] environment_scan: 靶場環境檢測
2025-10-18 22:57:24,159 - INFO - ✅ [TRAINING] plan_generation: 攻擊計畫生成與抗幻覺驗證
2025-10-18 22:57:24,160 - INFO - ✅ [TRAINING] intelligent_decision: 增強決策代理分析
2025-10-18 22:57:26,169 - INFO - ✅ [TRAINING] plan_execution: 攻擊計畫執行
2025-10-18 22:57:26,169 - INFO - ✅ [TRAINING] experience_collection: 訓練經驗收集
2025-10-18 22:57:34,209 - INFO - ✅ [TRAINING] environment_scan: 靶場環境檢測
2025-10-18 22:57:34,210 - INFO - ✅ [TRAINING] plan_generation: 攻擊計畫生成與抗幻覺驗證
2025-10-18 22:57:34,210 - INFO - ✅ [TRAINING] intelligent_decision: 增強決策代理分析
2025-10-18 22:57:36,218 - INFO - ✅ [TRAINING] plan_execution: 攻擊計畫執行
2025-10-18 22:57:36,218 - INFO - ✅ [TRAINING] experience_collection: 訓練經驗收集
2025-10-18 22:57:44,238 - INFO - ✅ [TRAINING] environment_scan: 靶場環境檢測
2025-10-18 22:57:44,239 - INFO - ✅ [TRAINING] plan_generation: 攻擊計畫生成與抗幻覺驗證
2025-10-18 22:57:44,239 - INFO - ✅ [TRAINING] intelligent_decision: 增強決策代理分析
2025-10-18 22:57:46,247 - INFO - ✅ [TRAINING] plan_execution: 攻擊計畫執行
2025-10-18 22:57:46,248 - INFO - ✅ [TRAINING] experience_collection: 訓練經驗收集
2025-10-18 22:57:54,279 - INFO - ✅ [TRAINING] environment_scan: 靶場環境檢測
2025-10-18 22:57:54,280 - INFO - ✅ [TRAINING] plan_generation: 攻擊計畫生成與抗幻覺驗證
2025-10-18 22:57:54,280 - INFO - ✅ [TRAINING] intelligent_decision: 增強決策代理分析
2025-10-18 22:57:56,286 - INFO - ✅ [TRAINING] plan_execution: 攻擊計畫執行
2025-10-18 22:57:56,286 - INFO - ✅ [TRAINING] experience_collection: 訓練經驗收集
2025-10-18 22:58:04,317 - INFO - ✅ [TRAINING] environment_scan: 靶場環境檢測
2025-10-18 22:58:04,318 - INFO - ✅ [TRAINING] plan_generation: 攻擊計畫生成與抗幻覺驗證
2025-10-18 22:58:04,318 - INFO - ✅ [TRAINING] intelligent_decision: 增強決策代理分析
2025-10-18 22:58:06,325 - INFO - ✅ [TRAINING] plan_execution: 攻擊計畫執行
2025-10-18 22:58:06,325 - INFO - ✅ [TRAINING] experience_collection: 訓練經驗收集
2025-10-18 22:58:14,362 - INFO - ✅ [TRAINING] environment_scan: 靶場環境檢測
2025-10-18 22:58:14,362 - INFO - ✅ [TRAINING] plan_generation: 攻擊計畫生成與抗幻覺驗證
2025-10-18 22:58:14,363 - INFO - ✅ [TRAINING] intelligent_decision: 增強決策代理分析
2025-10-18 22:58:16,372 - INFO - ✅ [TRAINING] plan_execution: 攻擊計畫執行
2025-10-18 22:58:16,372 - INFO - ✅ [TRAINING] experience_collection: 訓練經驗收集
2025-10-18 22:58:24,403 - INFO - ✅ [TRAINING] environment_scan: 靶場環境檢測
2025-10-18 22:58:24,404 - INFO - ✅ [TRAINING] plan_generation: 攻擊計畫生成與抗幻覺驗證
2025-10-18 22:58:24,404 - INFO - ✅ [TRAINING] intelligent_decision: 增強決策代理分析
2025-10-18 22:58:26,408 - INFO - ✅ [TRAINING] plan_execution: 攻擊計畫執行
2025-10-18 22:58:26,409 - INFO - ✅ [TRAINING] experience_collection: 訓練經驗收集
2025-10-18 22:58:34,429 - INFO - ✅ [TRAINING] environment_scan: 靶場環境檢測
2025-10-18 22:58:34,430 - INFO - ✅ [TRAINING] plan_generation: 攻擊計畫生成與抗幻覺驗證
2025-10-18 22:58:34,430 - INFO - ✅ [TRAINING] intelligent_decision: 增強決策代理分析
2025-10-18 22:58:36,438 - INFO - ✅ [TRAINING] plan_execution: 攻擊計畫執行
2025-10-18 22:58:36,439 - INFO - ✅ [TRAINING] experience_collection: 訓練經驗收集
2025-10-18 22:58:44,462 - INFO - ✅ [TRAINING] environment_scan: 靶場環境檢測
2025-10-18 22:58:44,463 - INFO - ✅ [TRAINING] plan_generation: 攻擊計畫生成與抗幻覺驗證
2025-10-18 22:58:44,464 - INFO - ✅ [TRAINING] intelligent_decision: 增強決策代理分析
2025-10-18 22:58:46,471 - INFO - ✅ [TRAINING] plan_execution: 攻擊計畫執行
2025-10-18 22:58:46,471 - INFO - ✅ [TRAINING] experience_collection: 訓練經驗收集
2025-10-18 22:58:54,507 - INFO - ✅ [TRAINING] environment_scan: 靶場環境檢測
2025-10-18 22:58:54,508 - INFO - ✅ [TRAINING] plan_generation: 攻擊計畫生成與抗幻覺驗證
2025-10-18 22:58:54,509 - INFO - ✅ [TRAINING] intelligent_decision: 增強決策代理分析
2025-10-18 22:58:56,519 - INFO - ✅ [TRAINING] plan_execution: 攻擊計畫執行
2025-10-18 22:58:56,519 - INFO - ✅ [TRAINING] experience_collection: 訓練經驗收集
2025-10-18 22:59:04,547 - INFO - ✅ [TRAINING] environment_scan: 靶場環境檢測
2025-10-18 22:59:04,547 - INFO - ✅ [TRAINING] plan_generation: 攻擊計畫生成與抗幻覺驗證
2025-10-18 22:59:04,548 - INFO - ✅ [TRAINING] intelligent_decision: 增強決策代理分析
2025-10-18 22:59:06,550 - INFO - ✅ [TRAINING] plan_execution: 攻擊計畫執行
2025-10-18 22:59:06,551 - INFO - ✅ [TRAINING] experience_collection: 訓練經驗收集
2025-10-18 22:59:14,584 - INFO - ✅ [TRAINING] environment_scan: 靶場環境檢測
2025-10-18 22:59:14,585 - INFO - ✅ [TRAINING] plan_generation: 攻擊計畫生成與抗幻覺驗證
2025-10-18 22:59:14,586 - INFO - ✅ [TRAINING] intelligent_decision: 增強決策代理分析
2025-10-18 22:59:16,595 - INFO - ✅ [TRAINING] plan_execution: 攻擊計畫執行
2025-10-18 22:59:16,596 - INFO - ✅ [TRAINING] experience_collection: 訓練經驗收集
2025-10-18 22:59:24,627 - INFO - ✅ [TRAINING] environment_scan: 靶場環境檢測
2025-10-18 22:59:24,628 - INFO - ✅ [TRAINING] plan_generation: 攻擊計畫生成與抗幻覺驗證
2025-10-18 22:59:24,628 - INFO - ✅ [TRAINING] intelligent_decision: 增強決策代理分析
2025-10-18 22:59:26,631 - INFO - ✅ [TRAINING] plan_execution: 攻擊計畫執行
2025-10-18 22:59:26,634 - INFO - ✅ [TRAINING] experience_collection: 訓練經驗收集
2025-10-18 22:59:34,662 - INFO - ✅ [TRAINING] environment_scan: 靶場環境檢測
2025-10-18 22:59:34,663 - INFO - ✅ [TRAINING] plan_generation: 攻擊計畫生成與抗幻覺驗證
2025-10-18 22:59:34,664 - INFO - ✅ [TRAINING] intelligent_decision: 增強決策代理分析
2025-10-18 22:59:36,666 - INFO - ✅ [TRAINING] plan_execution: 攻擊計畫執行
2025-10-18 22:59:36,668 - INFO - ✅ [TRAINING] experience_collection: 訓練經驗收集
2025-10-18 22:59:44,703 - INFO - ✅ [TRAINING] environment_scan: 靶場環境檢測
2025-10-18 22:59:44,703 - INFO - ✅ [TRAINING] plan_generation: 攻擊計畫生成與抗幻覺驗證
2025-10-18 22:59:44,704 - INFO - ✅ [TRAINING] intelligent_decision: 增強決策代理分析
2025-10-18 22:59:46,711 - INFO - ✅ [TRAINING] plan_execution: 攻擊計畫執行
2025-10-18 22:59:46,712 - INFO - ✅ [TRAINING] experience_collection: 訓練經驗收集
2025-10-18 22:59:54,739 - INFO - ✅ [TRAINING] environment_scan: 靶場環境檢測
2025-10-18 22:59:54,740 - INFO - ✅ [TRAINING] plan_generation: 攻擊計畫生成與抗幻覺驗證
2025-10-18 22:59:54,741 - INFO - ✅ [TRAINING] intelligent_decision: 增強決策代理分析
2025-10-18 22:59:56,747 - INFO - ✅ [TRAINING] plan_execution: 攻擊計畫執行
2025-10-18 22:59:56,748 - INFO - ✅ [TRAINING] experience_collection: 訓練經驗收集
2025-10-18 23:00:04,774 - INFO - ✅ [TRAINING] environment_scan: 靶場環境檢測
2025-10-18 23:00:04,775 - INFO - ✅ [TRAINING] plan_generation: 攻擊計畫生成與抗幻覺驗證
2025-10-18 23:00:04,776 - INFO - ✅ [TRAINING] intelligent_decision: 增強決策代理分析
2025-10-18 23:00:06,781 - INFO - ✅ [TRAINING] plan_execution: 攻擊計畫執行
2025-10-18 23:00:06,782 - INFO - ✅ [TRAINING] experience_collection: 訓練經驗收集
2025-10-18 23:00:14,819 - INFO - ✅ [TRAINING] environment_scan: 靶場環境檢測
2025-10-18 23:00:14,819 - INFO - ✅ [TRAINING] plan_generation: 攻擊計畫生成與抗幻覺驗證
2025-10-18 23:00:14,820 - INFO - ✅ [TRAINING] intelligent_decision: 增強決策代理分析
2025-10-18 23:00:16,823 - INFO - ✅ [TRAINING] plan_execution: 攻擊計畫執行
2025-10-18 23:00:16,824 - INFO - ✅ [TRAINING] experience_collection: 訓練經驗收集
2025-10-18 23:00:24,851 - INFO - ✅ [TRAINING] environment_scan: 靶場環境檢測
2025-10-18 23:00:24,852 - INFO - ✅ [TRAINING] plan_generation: 攻擊計畫生成與抗幻覺驗證
2025-10-18 23:00:24,853 - INFO - ✅ [TRAINING] intelligent_decision: 增強決策代理分析
2025-10-18 23:00:26,856 - INFO - ✅ [TRAINING] plan_execution: 攻擊計畫執行
2025-10-18 23:00:26,857 - INFO - ✅ [TRAINING] experience_collection: 訓練經驗收集
2025-10-18 23:00:34,877 - INFO - ✅ [TRAINING] environment_scan: 靶場環境檢測
2025-10-18 23:00:34,878 - INFO - ✅ [TRAINING] plan_generation: 攻擊計畫生成與抗幻覺驗證
2025-10-18 23:00:34,879 - INFO - ✅ [TRAINING] intelligent_decision: 增強決策代理分析
2025-10-18 23:00:36,885 - INFO - ✅ [TRAINING] plan_execution: 攻擊計畫執行
2025-10-18 23:00:36,885 - INFO - ✅ [TRAINING] experience_collection: 訓練經驗收集
2025-10-18 23:00:44,918 - INFO - ✅ [TRAINING] environment_scan: 靶場環境檢測
2025-10-18 23:00:44,918 - INFO - ✅ [TRAINING] plan_generation: 攻擊計畫生成與抗幻覺驗證
2025-10-18 23:00:44,919 - INFO - ✅ [TRAINING] intelligent_decision: 增強決策代理分析
2025-10-18 23:00:46,926 - INFO - ✅ [TRAINING] plan_execution: 攻擊計畫執行
2025-10-18 23:00:46,927 - INFO - ✅ [TRAINING] experience_collection: 訓練經驗收集
2025-10-18 23:00:54,963 - INFO - ✅ [TRAINING] environment_scan: 靶場環境檢測
2025-10-18 23:00:54,964 - INFO - ✅ [TRAINING] plan_generation: 攻擊計畫生成與抗幻覺驗證
2025-10-18 23:00:54,965 - INFO - ✅ [TRAINING] intelligent_decision: 增強決策代理分析
2025-10-18 23:00:56,976 - INFO - ✅ [TRAINING] plan_execution: 攻擊計畫執行
2025-10-18 23:00:57,018 - INFO - ✅ [TRAINING] experience_collection: 訓練經驗收集
2025-10-18 23:01:05,039 - INFO - ✅ [TRAINING] environment_scan: 靶場環境檢測
2025-10-18 23:01:05,040 - INFO - ✅ [TRAINING] plan_generation: 攻擊計畫生成與抗幻覺驗證
2025-10-18 23:01:05,040 - INFO - ✅ [TRAINING] intelligent_decision: 增強決策代理分析
2025-10-18 23:01:07,044 - INFO - ✅ [TRAINING] plan_execution: 攻擊計畫執行
2025-10-18 23:01:07,044 - INFO - ✅ [TRAINING] experience_collection: 訓練經驗收集
2025-10-18 23:01:15,071 - INFO - ✅ [TRAINING] environment_scan: 靶場環境檢測
2025-10-18 23:01:15,072 - INFO - ✅ [TRAINING] plan_generation: 攻擊計畫生成與抗幻覺驗證
2025-10-18 23:01:15,073 - INFO - ✅ [TRAINING] intelligent_decision: 增強決策代理分析
2025-10-18 23:01:17,089 - INFO - ✅ [TRAINING] plan_execution: 攻擊計畫執行
2025-10-18 23:01:17,089 - INFO - ✅ [TRAINING] experience_collection: 訓練經驗收集
2025-10-18 23:01:25,120 - INFO - ✅ [TRAINING] environment_scan: 靶場環境檢測
2025-10-18 23:01:25,121 - INFO - ✅ [TRAINING] plan_generation: 攻擊計畫生成與抗幻覺驗證
2025-10-18 23:01:25,122 - INFO - ✅ [TRAINING] intelligent_decision: 增強決策代理分析
2025-10-18 23:01:27,137 - INFO - ✅ [TRAINING] plan_execution: 攻擊計畫執行
2025-10-18 23:01:27,138 - INFO - ✅ [TRAINING] experience_collection: 訓練經驗收集
2025-10-18 23:01:35,158 - INFO - ✅ [TRAINING] environment_scan: 靶場環境檢測
2025-10-18 23:01:35,159 - INFO - ✅ [TRAINING] plan_generation: 攻擊計畫生成與抗幻覺驗證
2025-10-18 23:01:35,160 - INFO - ✅ [TRAINING] intelligent_decision: 增強決策代理分析
2025-10-18 23:01:37,161 - INFO - ✅ [TRAINING] plan_execution: 攻擊計畫執行
2025-10-18 23:01:37,162 - INFO - ✅ [TRAINING] experience_collection: 訓練經驗收集
2025-10-18 23:01:45,184 - INFO - ✅ [TRAINING] environment_scan: 靶場環境檢測
2025-10-18 23:01:45,185 - INFO - ✅ [TRAINING] plan_generation: 攻擊計畫生成與抗幻覺驗證
2025-10-18 23:01:45,186 - INFO - ✅ [TRAINING] intelligent_decision: 增強決策代理分析
2025-10-18 23:01:47,189 - INFO - ✅ [TRAINING] plan_execution: 攻擊計畫執行
2025-10-18 23:01:47,189 - INFO - ✅ [TRAINING] experience_collection: 訓練經驗收集
2025-10-18 23:01:55,212 - INFO - ✅ [TRAINING] environment_scan: 靶場環境檢測
2025-10-18 23:01:55,212 - INFO - ✅ [TRAINING] plan_generation: 攻擊計畫生成與抗幻覺驗證
2025-10-18 23:01:55,213 - INFO - ✅ [TRAINING] intelligent_decision: 增強決策代理分析
2025-10-18 23:01:57,226 - INFO - ✅ [TRAINING] plan_execution: 攻擊計畫執行
2025-10-18 23:01:57,227 - INFO - ✅ [TRAINING] experience_collection: 訓練經驗收集
2025-10-18 23:02:05,250 - INFO - ✅ [TRAINING] environment_scan: 靶場環境檢測
2025-10-18 23:02:05,251 - INFO - ✅ [TRAINING] plan_generation: 攻擊計畫生成與抗幻覺驗證
2025-10-18 23:02:05,252 - INFO - ✅ [TRAINING] intelligent_decision: 增強決策代理分析
2025-10-18 23:02:07,257 - INFO - ✅ [TRAINING] plan_execution: 攻擊計畫執行
2025-10-18 23:02:07,258 - INFO - ✅ [TRAINING] experience_collection: 訓練經驗收集
2025-10-18 23:02:15,283 - INFO - ✅ [TRAINING] environment_scan: 靶場環境檢測
2025-10-18 23:02:15,284 - INFO - ✅ [TRAINING] plan_generation: 攻擊計畫生成與抗幻覺驗證
2025-10-18 23:02:15,285 - INFO - ✅ [TRAINING] intelligent_decision: 增強決策代理分析
2025-10-18 23:02:17,299 - INFO - ✅ [TRAINING] plan_execution: 攻擊計畫執行
2025-10-18 23:02:17,300 - INFO - ✅ [TRAINING] experience_collection: 訓練經驗收集
2025-10-18 23:02:25,320 - INFO - ✅ [TRAINING] environment_scan: 靶場環境檢測
2025-10-18 23:02:25,321 - INFO - ✅ [TRAINING] plan_generation: 攻擊計畫生成與抗幻覺驗證
2025-10-18 23:02:25,322 - INFO - ✅ [TRAINING] intelligent_decision: 增強決策代理分析
2025-10-18 23:02:27,337 - INFO - ✅ [TRAINING] plan_execution: 攻擊計畫執行
2025-10-18 23:02:27,337 - INFO - ✅ [TRAINING] experience_collection: 訓練經驗收集
2025-10-18 23:02:35,375 - INFO - ✅ [TRAINING] environment_scan: 靶場環境檢測
2025-10-18 23:02:35,376 - INFO - ✅ [TRAINING] plan_generation: 攻擊計畫生成與抗幻覺驗證
2025-10-18 23:02:35,376 - INFO - ✅ [TRAINING] intelligent_decision: 增強決策代理分析
2025-10-18 23:02:37,382 - INFO - ✅ [TRAINING] plan_execution: 攻擊計畫執行
2025-10-18 23:02:37,382 - INFO - ✅ [TRAINING] experience_collection: 訓練經驗收集
2025-10-18 23:02:45,415 - INFO - ✅ [TRAINING] environment_scan: 靶場環境檢測
2025-10-18 23:02:45,415 - INFO - ✅ [TRAINING] plan_generation: 攻擊計畫生成與抗幻覺驗證
2025-10-18 23:02:45,416 - INFO - ✅ [TRAINING] intelligent_decision: 增強決策代理分析
2025-10-18 23:02:47,428 - INFO - ✅ [TRAINING] plan_execution: 攻擊計畫執行
2025-10-18 23:02:47,429 - INFO - ✅ [TRAINING] experience_collection: 訓練經驗收集
2025-10-18 23:02:55,459 - INFO - ✅ [TRAINING] environment_scan: 靶場環境檢測
2025-10-18 23:02:55,460 - INFO - ✅ [TRAINING] plan_generation: 攻擊計畫生成與抗幻覺驗證
2025-10-18 23:02:55,460 - INFO - ✅ [TRAINING] intelligent_decision: 增強決策代理分析
2025-10-18 23:02:57,462 - INFO - ✅ [TRAINING] plan_execution: 攻擊計畫執行
2025-10-18 23:02:57,463 - INFO - ✅ [TRAINING] experience_collection: 訓練經驗收集
2025-10-18 23:03:05,489 - INFO - ✅ [TRAINING] environment_scan: 靶場環境檢測
2025-10-18 23:03:05,490 - INFO - ✅ [TRAINING] plan_generation: 攻擊計畫生成與抗幻覺驗證
2025-10-18 23:03:05,491 - INFO - ✅ [TRAINING] intelligent_decision: 增強決策代理分析
2025-10-18 23:03:07,491 - INFO - ✅ [TRAINING] plan_execution: 攻擊計畫執行
2025-10-18 23:03:07,492 - INFO - ✅ [TRAINING] experience_collection: 訓練經驗收集
2025-10-18 23:03:15,518 - INFO - ✅ [TRAINING] environment_scan: 靶場環境檢測
2025-10-18 23:03:15,519 - INFO - ✅ [TRAINING] plan_generation: 攻擊計畫生成與抗幻覺驗證
2025-10-18 23:03:15,520 - INFO - ✅ [TRAINING] intelligent_decision: 增強決策代理分析
2025-10-18 23:03:17,528 - INFO - ✅ [TRAINING] plan_execution: 攻擊計畫執行
2025-10-18 23:03:17,529 - INFO - ✅ [TRAINING] experience_collection: 訓練經驗收集
2025-10-18 23:03:25,556 - INFO - ✅ [TRAINING] environment_scan: 靶場環境檢測
2025-10-18 23:03:25,557 - INFO - ✅ [TRAINING] plan_generation: 攻擊計畫生成與抗幻覺驗證
2025-10-18 23:03:25,558 - INFO - ✅ [TRAINING] intelligent_decision: 增強決策代理分析
2025-10-18 23:03:27,559 - INFO - ✅ [TRAINING] plan_execution: 攻擊計畫執行
2025-10-18 23:03:27,559 - INFO - ✅ [TRAINING] experience_collection: 訓練經驗收集
2025-10-18 23:03:35,594 - INFO - ✅ [TRAINING] environment_scan: 靶場環境檢測
2025-10-18 23:03:35,595 - INFO - ✅ [TRAINING] plan_generation: 攻擊計畫生成與抗幻覺驗證
2025-10-18 23:03:35,595 - INFO - ✅ [TRAINING] intelligent_decision: 增強決策代理分析
2025-10-18 23:03:37,607 - INFO - ✅ [TRAINING] plan_execution: 攻擊計畫執行
2025-10-18 23:03:37,607 - INFO - ✅ [TRAINING] experience_collection: 訓練經驗收集
2025-10-18 23:03:45,630 - INFO - ✅ [TRAINING] environment_scan: 靶場環境檢測
2025-10-18 23:03:45,631 - INFO - ✅ [TRAINING] plan_generation: 攻擊計畫生成與抗幻覺驗證
2025-10-18 23:03:45,631 - INFO - ✅ [TRAINING] intelligent_decision: 增強決策代理分析
2025-10-18 23:03:47,643 - INFO - ✅ [TRAINING] plan_execution: 攻擊計畫執行
2025-10-18 23:03:47,643 - INFO - ✅ [TRAINING] experience_collection: 訓練經驗收集
2025-10-18 23:03:55,675 - INFO - ✅ [TRAINING] environment_scan: 靶場環境檢測
2025-10-18 23:03:55,676 - INFO - ✅ [TRAINING] plan_generation: 攻擊計畫生成與抗幻覺驗證
2025-10-18 23:03:55,677 - INFO - ✅ [TRAINING] intelligent_decision: 增強決策代理分析
2025-10-18 23:03:57,682 - INFO - ✅ [TRAINING] plan_execution: 攻擊計畫執行
2025-10-18 23:03:57,683 - INFO - ✅ [TRAINING] experience_collection: 訓練經驗收集
2025-10-18 23:04:05,702 - INFO - ✅ [TRAINING] environment_scan: 靶場環境檢測
2025-10-18 23:04:05,703 - INFO - ✅ [TRAINING] plan_generation: 攻擊計畫生成與抗幻覺驗證
2025-10-18 23:04:05,704 - INFO - ✅ [TRAINING] intelligent_decision: 增強決策代理分析
2025-10-18 23:04:07,720 - INFO - ✅ [TRAINING] plan_execution: 攻擊計畫執行
2025-10-18 23:04:07,720 - INFO - ✅ [TRAINING] experience_collection: 訓練經驗收集
2025-10-18 23:04:15,752 - INFO - ✅ [TRAINING] environment_scan: 靶場環境檢測
2025-10-18 23:04:15,753 - INFO - ✅ [TRAINING] plan_generation: 攻擊計畫生成與抗幻覺驗證
2025-10-18 23:04:15,754 - INFO - ✅ [TRAINING] intelligent_decision: 增強決策代理分析
2025-10-18 23:04:17,761 - INFO - ✅ [TRAINING] plan_execution: 攻擊計畫執行
2025-10-18 23:04:17,762 - INFO - ✅ [TRAINING] experience_collection: 訓練經驗收集
2025-10-18 23:04:25,793 - INFO - ✅ [TRAINING] environment_scan: 靶場環境檢測
2025-10-18 23:04:25,794 - INFO - ✅ [TRAINING] plan_generation: 攻擊計畫生成與抗幻覺驗證
2025-10-18 23:04:25,794 - INFO - ✅ [TRAINING] intelligent_decision: 增強決策代理分析
2025-10-18 23:04:27,799 - INFO - ✅ [TRAINING] plan_execution: 攻擊計畫執行
2025-10-18 23:04:27,800 - INFO - ✅ [TRAINING] experience_collection: 訓練經驗收集
2025-10-18 23:04:35,835 - INFO - ✅ [TRAINING] environment_scan: 靶場環境檢測
2025-10-18 23:04:35,836 - INFO - ✅ [TRAINING] plan_generation: 攻擊計畫生成與抗幻覺驗證
2025-10-18 23:04:35,837 - INFO - ✅ [TRAINING] intelligent_decision: 增強決策代理分析
2025-10-18 23:04:37,849 - INFO - ✅ [TRAINING] plan_execution: 攻擊計畫執行
2025-10-18 23:04:37,850 - INFO - ✅ [TRAINING] experience_collection: 訓練經驗收集
2025-10-18 23:04:45,869 - INFO - ✅ [TRAINING] environment_scan: 靶場環境檢測
2025-10-18 23:04:45,870 - INFO - ✅ [TRAINING] plan_generation: 攻擊計畫生成與抗幻覺驗證
2025-10-18 23:04:45,871 - INFO - ✅ [TRAINING] intelligent_decision: 增強決策代理分析
2025-10-18 23:04:47,872 - INFO - ✅ [TRAINING] plan_execution: 攻擊計畫執行
2025-10-18 23:04:47,872 - INFO - ✅ [TRAINING] experience_collection: 訓練經驗收集
2025-10-18 23:04:55,895 - INFO - ✅ [TRAINING] environment_scan: 靶場環境檢測
2025-10-18 23:04:55,896 - INFO - ✅ [TRAINING] plan_generation: 攻擊計畫生成與抗幻覺驗證
2025-10-18 23:04:55,897 - INFO - ✅ [TRAINING] intelligent_decision: 增強決策代理分析
2025-10-18 23:04:57,903 - INFO - ✅ [TRAINING] plan_execution: 攻擊計畫執行
2025-10-18 23:04:57,904 - INFO - ✅ [TRAINING] experience_collection: 訓練經驗收集
2025-10-18 23:05:05,926 - INFO - ✅ [TRAINING] environment_scan: 靶場環境檢測
2025-10-18 23:05:05,927 - INFO - ✅ [TRAINING] plan_generation: 攻擊計畫生成與抗幻覺驗證
2025-10-18 23:05:05,927 - INFO - ✅ [TRAINING] intelligent_decision: 增強決策代理分析
2025-10-18 23:05:07,941 - INFO - ✅ [TRAINING] plan_execution: 攻擊計畫執行
2025-10-18 23:05:07,941 - INFO - ✅ [TRAINING] experience_collection: 訓練經驗收集
2025-10-18 23:05:15,968 - INFO - ✅ [TRAINING] environment_scan: 靶場環境檢測
2025-10-18 23:05:15,968 - INFO - ✅ [TRAINING] plan_generation: 攻擊計畫生成與抗幻覺驗證
2025-10-18 23:05:15,969 - INFO - ✅ [TRAINING] intelligent_decision: 增強決策代理分析
2025-10-18 23:05:17,983 - INFO - ✅ [TRAINING] plan_execution: 攻擊計畫執行
2025-10-18 23:05:17,983 - INFO - ✅ [TRAINING] experience_collection: 訓練經驗收集
2025-10-18 23:05:26,016 - INFO - ✅ [TRAINING] environment_scan: 靶場環境檢測
2025-10-18 23:05:26,017 - INFO - ✅ [TRAINING] plan_generation: 攻擊計畫生成與抗幻覺驗證
2025-10-18 23:05:26,018 - INFO - ✅ [TRAINING] intelligent_decision: 增強決策代理分析
2025-10-18 23:05:28,033 - INFO - ✅ [TRAINING] plan_execution: 攻擊計畫執行
2025-10-18 23:05:28,034 - INFO - ✅ [TRAINING] experience_collection: 訓練經驗收集
2025-10-18 23:05:36,059 - INFO - ✅ [TRAINING] environment_scan: 靶場環境檢測
2025-10-18 23:05:36,060 - INFO - ✅ [TRAINING] plan_generation: 攻擊計畫生成與抗幻覺驗證
2025-10-18 23:05:36,061 - INFO - ✅ [TRAINING] intelligent_decision: 增強決策代理分析
2025-10-18 23:05:38,068 - INFO - ✅ [TRAINING] plan_execution: 攻擊計畫執行
2025-10-18 23:05:38,069 - INFO - ✅ [TRAINING] experience_collection: 訓練經驗收集
2025-10-18 23:05:46,087 - INFO - ✅ [TRAINING] environment_scan: 靶場環境檢測
2025-10-18 23:05:46,088 - INFO - ✅ [TRAINING] plan_generation: 攻擊計畫生成與抗幻覺驗證
2025-10-18 23:05:46,089 - INFO - ✅ [TRAINING] intelligent_decision: 增強決策代理分析
2025-10-18 23:05:48,100 - INFO - ✅ [TRAINING] plan_execution: 攻擊計畫執行
2025-10-18 23:05:48,101 - INFO - ✅ [TRAINING] experience_collection: 訓練經驗收集
2025-10-18 23:05:56,123 - INFO - ✅ [TRAINING] environment_scan: 靶場環境檢測
2025-10-18 23:05:56,124 - INFO - ✅ [TRAINING] plan_generation: 攻擊計畫生成與抗幻覺驗證
2025-10-18 23:05:56,125 - INFO - ✅ [TRAINING] intelligent_decision: 增強決策代理分析
2025-10-18 23:05:58,130 - INFO - ✅ [TRAINING] plan_execution: 攻擊計畫執行
2025-10-18 23:05:58,130 - INFO - ✅ [TRAINING] experience_collection: 訓練經驗收集
2025-10-18 23:06:06,159 - INFO - ✅ [TRAINING] environment_scan: 靶場環境檢測
2025-10-18 23:06:06,160 - INFO - ✅ [TRAINING] plan_generation: 攻擊計畫生成與抗幻覺驗證
2025-10-18 23:06:06,161 - INFO - ✅ [TRAINING] intelligent_decision: 增強決策代理分析
2025-10-18 23:06:08,163 - INFO - ✅ [TRAINING] plan_execution: 攻擊計畫執行
2025-10-18 23:06:08,164 - INFO - ✅ [TRAINING] experience_collection: 訓練經驗收集
2025-10-18 23:06:16,200 - INFO - ✅ [TRAINING] environment_scan: 靶場環境檢測
2025-10-18 23:06:16,201 - INFO - ✅ [TRAINING] plan_generation: 攻擊計畫生成與抗幻覺驗證
2025-10-18 23:06:16,202 - INFO - ✅ [TRAINING] intelligent_decision: 增強決策代理分析
2025-10-18 23:06:18,210 - INFO - ✅ [TRAINING] plan_execution: 攻擊計畫執行
2025-10-18 23:06:18,211 - INFO - ✅ [TRAINING] experience_collection: 訓練經驗收集
2025-10-18 23:06:26,243 - INFO - ✅ [TRAINING] environment_scan: 靶場環境檢測
2025-10-18 23:06:26,244 - INFO - ✅ [TRAINING] plan_generation: 攻擊計畫生成與抗幻覺驗證
2025-10-18 23:06:26,244 - INFO - ✅ [TRAINING] intelligent_decision: 增強決策代理分析
2025-10-18 23:06:28,245 - INFO - ✅ [TRAINING] plan_execution: 攻擊計畫執行
2025-10-18 23:06:28,246 - INFO - ✅ [TRAINING] experience_collection: 訓練經驗收集
2025-10-18 23:06:36,281 - INFO - ✅ [TRAINING] environment_scan: 靶場環境檢測
2025-10-18 23:06:36,282 - INFO - ✅ [TRAINING] plan_generation: 攻擊計畫生成與抗幻覺驗證
2025-10-18 23:06:36,282 - INFO - ✅ [TRAINING] intelligent_decision: 增強決策代理分析
2025-10-18 23:06:38,298 - INFO - ✅ [TRAINING] plan_execution: 攻擊計畫執行
2025-10-18 23:06:38,299 - INFO - ✅ [TRAINING] experience_collection: 訓練經驗收集
2025-10-18 23:06:46,326 - INFO - ✅ [TRAINING] environment_scan: 靶場環境檢測
2025-10-18 23:06:46,327 - INFO - ✅ [TRAINING] plan_generation: 攻擊計畫生成與抗幻覺驗證
2025-10-18 23:06:46,328 - INFO - ✅ [TRAINING] intelligent_decision: 增強決策代理分析
2025-10-18 23:06:48,338 - INFO - ✅ [TRAINING] plan_execution: 攻擊計畫執行
2025-10-18 23:06:48,338 - INFO - ✅ [TRAINING] experience_collection: 訓練經驗收集
2025-10-18 23:06:56,367 - INFO - ✅ [TRAINING] environment_scan: 靶場環境檢測
2025-10-18 23:06:56,368 - INFO - ✅ [TRAINING] plan_generation: 攻擊計畫生成與抗幻覺驗證
2025-10-18 23:06:56,368 - INFO - ✅ [TRAINING] intelligent_decision: 增強決策代理分析
2025-10-18 23:06:58,381 - INFO - ✅ [TRAINING] plan_execution: 攻擊計畫執行
2025-10-18 23:06:58,382 - INFO - ✅ [TRAINING] experience_collection: 訓練經驗收集
2025-10-18 23:07:06,413 - INFO - ✅ [TRAINING] environment_scan: 靶場環境檢測
2025-10-18 23:07:06,414 - INFO - ✅ [TRAINING] plan_generation: 攻擊計畫生成與抗幻覺驗證
2025-10-18 23:07:06,415 - INFO - ✅ [TRAINING] intelligent_decision: 增強決策代理分析
2025-10-18 23:07:08,419 - INFO - ✅ [TRAINING] plan_execution: 攻擊計畫執行
2025-10-18 23:07:08,420 - INFO - ✅ [TRAINING] experience_collection: 訓練經驗收集
2025-10-18 23:07:16,444 - INFO - ✅ [TRAINING] environment_scan: 靶場環境檢測
2025-10-18 23:07:16,445 - INFO - ✅ [TRAINING] plan_generation: 攻擊計畫生成與抗幻覺驗證
2025-10-18 23:07:16,446 - INFO - ✅ [TRAINING] intelligent_decision: 增強決策代理分析
2025-10-18 23:07:18,449 - INFO - ✅ [TRAINING] plan_execution: 攻擊計畫執行
2025-10-18 23:07:18,449 - INFO - ✅ [TRAINING] experience_collection: 訓練經驗收集
2025-10-18 23:07:26,474 - INFO - ✅ [TRAINING] environment_scan: 靶場環境檢測
2025-10-18 23:07:26,475 - INFO - ✅ [TRAINING] plan_generation: 攻擊計畫生成與抗幻覺驗證
2025-10-18 23:07:26,475 - INFO - ✅ [TRAINING] intelligent_decision: 增強決策代理分析
2025-10-18 23:07:28,485 - INFO - ✅ [TRAINING] plan_execution: 攻擊計畫執行
2025-10-18 23:07:28,486 - INFO - ✅ [TRAINING] experience_collection: 訓練經驗收集
2025-10-18 23:07:36,514 - INFO - ✅ [TRAINING] environment_scan: 靶場環境檢測
2025-10-18 23:07:36,514 - INFO - ✅ [TRAINING] plan_generation: 攻擊計畫生成與抗幻覺驗證
2025-10-18 23:07:36,515 - INFO - ✅ [TRAINING] intelligent_decision: 增強決策代理分析
2025-10-18 23:07:38,528 - INFO - ✅ [TRAINING] plan_execution: 攻擊計畫執行
2025-10-18 23:07:38,529 - INFO - ✅ [TRAINING] experience_collection: 訓練經驗收集
2025-10-18 23:07:46,545 - INFO - ✅ [TRAINING] environment_scan: 靶場環境檢測
2025-10-18 23:07:46,546 - INFO - ✅ [TRAINING] plan_generation: 攻擊計畫生成與抗幻覺驗證
2025-10-18 23:07:46,547 - INFO - ✅ [TRAINING] intelligent_decision: 增強決策代理分析
2025-10-18 23:07:48,561 - INFO - ✅ [TRAINING] plan_execution: 攻擊計畫執行
2025-10-18 23:07:48,561 - INFO - ✅ [TRAINING] experience_collection: 訓練經驗收集
2025-10-18 23:07:56,579 - INFO - ✅ [TRAINING] environment_scan: 靶場環境檢測
2025-10-18 23:07:56,580 - INFO - ✅ [TRAINING] plan_generation: 攻擊計畫生成與抗幻覺驗證
2025-10-18 23:07:56,581 - INFO - ✅ [TRAINING] intelligent_decision: 增強決策代理分析
2025-10-18 23:07:58,594 - INFO - ✅ [TRAINING] plan_execution: 攻擊計畫執行
2025-10-18 23:07:58,595 - INFO - ✅ [TRAINING] experience_collection: 訓練經驗收集
2025-10-18 23:08:06,622 - INFO - ✅ [TRAINING] environment_scan: 靶場環境檢測
2025-10-18 23:08:06,623 - INFO - ✅ [TRAINING] plan_generation: 攻擊計畫生成與抗幻覺驗證
2025-10-18 23:08:06,624 - INFO - ✅ [TRAINING] intelligent_decision: 增強決策代理分析
2025-10-18 23:08:08,638 - INFO - ✅ [TRAINING] plan_execution: 攻擊計畫執行
2025-10-18 23:08:08,638 - INFO - ✅ [TRAINING] experience_collection: 訓練經驗收集
2025-10-18 23:08:16,676 - INFO - ✅ [TRAINING] environment_scan: 靶場環境檢測
2025-10-18 23:08:16,677 - INFO - ✅ [TRAINING] plan_generation: 攻擊計畫生成與抗幻覺驗證
2025-10-18 23:08:16,678 - INFO - ✅ [TRAINING] intelligent_decision: 增強決策代理分析
2025-10-18 23:08:18,681 - INFO - ✅ [TRAINING] plan_execution: 攻擊計畫執行
2025-10-18 23:08:18,682 - INFO - ✅ [TRAINING] experience_collection: 訓練經驗收集
2025-10-18 23:08:26,701 - INFO - ✅ [TRAINING] environment_scan: 靶場環境檢測
2025-10-18 23:08:26,702 - INFO - ✅ [TRAINING] plan_generation: 攻擊計畫生成與抗幻覺驗證
2025-10-18 23:08:26,703 - INFO - ✅ [TRAINING] intelligent_decision: 增強決策代理分析
2025-10-18 23:08:28,706 - INFO - ✅ [TRAINING] plan_execution: 攻擊計畫執行
2025-10-18 23:08:28,707 - INFO - ✅ [TRAINING] experience_collection: 訓練經驗收集
2025-10-18 23:08:36,734 - INFO - ✅ [TRAINING] environment_scan: 靶場環境檢測
2025-10-18 23:08:36,735 - INFO - ✅ [TRAINING] plan_generation: 攻擊計畫生成與抗幻覺驗證
2025-10-18 23:08:36,736 - INFO - ✅ [TRAINING] intelligent_decision: 增強決策代理分析
2025-10-18 23:08:38,738 - INFO - ✅ [TRAINING] plan_execution: 攻擊計畫執行
2025-10-18 23:08:38,738 - INFO - ✅ [TRAINING] experience_collection: 訓練經驗收集
2025-10-18 23:08:46,760 - INFO - ✅ [TRAINING] environment_scan: 靶場環境檢測
2025-10-18 23:08:46,760 - INFO - ✅ [TRAINING] plan_generation: 攻擊計畫生成與抗幻覺驗證
2025-10-18 23:08:46,761 - INFO - ✅ [TRAINING] intelligent_decision: 增強決策代理分析
2025-10-18 23:08:48,774 - INFO - ✅ [TRAINING] plan_execution: 攻擊計畫執行
2025-10-18 23:08:48,775 - INFO - ✅ [TRAINING] experience_collection: 訓練經驗收集
2025-10-18 23:08:56,800 - INFO - ✅ [TRAINING] environment_scan: 靶場環境檢測
2025-10-18 23:08:56,801 - INFO - ✅ [TRAINING] plan_generation: 攻擊計畫生成與抗幻覺驗證
2025-10-18 23:08:56,801 - INFO - ✅ [TRAINING] intelligent_decision: 增強決策代理分析
2025-10-18 23:08:58,817 - INFO - ✅ [TRAINING] plan_execution: 攻擊計畫執行
2025-10-18 23:08:58,817 - INFO - ✅ [TRAINING] experience_collection: 訓練經驗收集
2025-10-18 23:09:06,850 - INFO - ✅ [TRAINING] environment_scan: 靶場環境檢測
2025-10-18 23:09:06,851 - INFO - ✅ [TRAINING] plan_generation: 攻擊計畫生成與抗幻覺驗證
2025-10-18 23:09:06,852 - INFO - ✅ [TRAINING] intelligent_decision: 增強決策代理分析
2025-10-18 23:09:08,860 - INFO - ✅ [TRAINING] plan_execution: 攻擊計畫執行
2025-10-18 23:09:08,861 - INFO - ✅ [TRAINING] experience_collection: 訓練經驗收集
2025-10-18 23:09:16,887 - INFO - ✅ [TRAINING] environment_scan: 靶場環境檢測
2025-10-18 23:09:16,888 - INFO - ✅ [TRAINING] plan_generation: 攻擊計畫生成與抗幻覺驗證
2025-10-18 23:09:16,888 - INFO - ✅ [TRAINING] intelligent_decision: 增強決策代理分析
2025-10-18 23:09:18,891 - INFO - ✅ [TRAINING] plan_execution: 攻擊計畫執行
2025-10-18 23:09:18,891 - INFO - ✅ [TRAINING] experience_collection: 訓練經驗收集
2025-10-18 23:09:26,910 - INFO - ✅ [TRAINING] environment_scan: 靶場環境檢測
2025-10-18 23:09:26,910 - INFO - ✅ [TRAINING] plan_generation: 攻擊計畫生成與抗幻覺驗證
2025-10-18 23:09:26,911 - INFO - ✅ [TRAINING] intelligent_decision: 增強決策代理分析
2025-10-18 23:09:28,912 - INFO - ✅ [TRAINING] plan_execution: 攻擊計畫執行
2025-10-18 23:09:28,913 - INFO - ✅ [TRAINING] experience_collection: 訓練經驗收集
2025-10-18 23:09:36,935 - INFO - ✅ [TRAINING] environment_scan: 靶場環境檢測
2025-10-18 23:09:36,936 - INFO - ✅ [TRAINING] plan_generation: 攻擊計畫生成與抗幻覺驗證
2025-10-18 23:09:36,937 - INFO - ✅ [TRAINING] intelligent_decision: 增強決策代理分析
2025-10-18 23:09:38,947 - INFO - ✅ [TRAINING] plan_execution: 攻擊計畫執行
2025-10-18 23:09:38,948 - INFO - ✅ [TRAINING] experience_collection: 訓練經驗收集
2025-10-18 23:09:46,972 - INFO - ✅ [TRAINING] environment_scan: 靶場環境檢測
2025-10-18 23:09:46,973 - INFO - ✅ [TRAINING] plan_generation: 攻擊計畫生成與抗幻覺驗證
2025-10-18 23:09:46,974 - INFO - ✅ [TRAINING] intelligent_decision: 增強決策代理分析
2025-10-18 23:09:48,975 - INFO - ✅ [TRAINING] plan_execution: 攻擊計畫執行
2025-10-18 23:09:48,976 - INFO - ✅ [TRAINING] experience_collection: 訓練經驗收集
2025-10-18 23:09:57,011 - INFO - ✅ [TRAINING] environment_scan: 靶場環境檢測
2025-10-18 23:09:57,012 - INFO - ✅ [TRAINING] plan_generation: 攻擊計畫生成與抗幻覺驗證
2025-10-18 23:09:57,012 - INFO - ✅ [TRAINING] intelligent_decision: 增強決策代理分析
2025-10-18 23:09:59,013 - INFO - ✅ [TRAINING] plan_execution: 攻擊計畫執行
2025-10-18 23:09:59,013 - INFO - ✅ [TRAINING] experience_collection: 訓練經驗收集
2025-10-18 23:10:07,036 - INFO - ✅ [TRAINING] environment_scan: 靶場環境檢測
2025-10-18 23:10:07,037 - INFO - ✅ [TRAINING] plan_generation: 攻擊計畫生成與抗幻覺驗證
2025-10-18 23:10:07,037 - INFO - ✅ [TRAINING] intelligent_decision: 增強決策代理分析
2025-10-18 23:10:09,052 - INFO - ✅ [TRAINING] plan_execution: 攻擊計畫執行
2025-10-18 23:10:09,052 - INFO - ✅ [TRAINING] experience_collection: 訓練經驗收集
2025-10-18 23:10:17,085 - INFO - ✅ [TRAINING] environment_scan: 靶場環境檢測
2025-10-18 23:10:17,086 - INFO - ✅ [TRAINING] plan_generation: 攻擊計畫生成與抗幻覺驗證
2025-10-18 23:10:17,088 - INFO - ✅ [TRAINING] intelligent_decision: 增強決策代理分析
2025-10-18 23:10:19,097 - INFO - ✅ [TRAINING] plan_execution: 攻擊計畫執行
2025-10-18 23:10:19,098 - INFO - ✅ [TRAINING] experience_collection: 訓練經驗收集
2025-10-18 23:10:27,131 - INFO - ✅ [TRAINING] environment_scan: 靶場環境檢測
2025-10-18 23:10:27,133 - INFO - ✅ [TRAINING] plan_generation: 攻擊計畫生成與抗幻覺驗證
2025-10-18 23:10:27,135 - INFO - ✅ [TRAINING] intelligent_decision: 增強決策代理分析
2025-10-18 23:10:29,142 - INFO - ✅ [TRAINING] plan_execution: 攻擊計畫執行
2025-10-18 23:10:29,143 - INFO - ✅ [TRAINING] experience_collection: 訓練經驗收集
2025-10-18 23:10:37,175 - INFO - ✅ [TRAINING] environment_scan: 靶場環境檢測
2025-10-18 23:10:37,184 - INFO - ✅ [TRAINING] plan_generation: 攻擊計畫生成與抗幻覺驗證
2025-10-18 23:10:37,189 - INFO - ✅ [TRAINING] intelligent_decision: 增強決策代理分析
2025-10-18 23:10:39,205 - INFO - ✅ [TRAINING] plan_execution: 攻擊計畫執行
2025-10-18 23:10:39,206 - INFO - ✅ [TRAINING] experience_collection: 訓練經驗收集
2025-10-18 23:10:47,241 - INFO - ✅ [TRAINING] environment_scan: 靶場環境檢測
2025-10-18 23:10:47,243 - INFO - ✅ [TRAINING] plan_generation: 攻擊計畫生成與抗幻覺驗證
2025-10-18 23:10:47,243 - INFO - ✅ [TRAINING] intelligent_decision: 增強決策代理分析
2025-10-18 23:10:49,256 - INFO - ✅ [TRAINING] plan_execution: 攻擊計畫執行
2025-10-18 23:10:49,257 - INFO - ✅ [TRAINING] experience_collection: 訓練經驗收集
2025-10-18 23:10:57,273 - INFO - ✅ [TRAINING] environment_scan: 靶場環境檢測
2025-10-18 23:10:57,274 - INFO - ✅ [TRAINING] plan_generation: 攻擊計畫生成與抗幻覺驗證
2025-10-18 23:10:57,275 - INFO - ✅ [TRAINING] intelligent_decision: 增強決策代理分析
2025-10-18 23:10:59,276 - INFO - ✅ [TRAINING] plan_execution: 攻擊計畫執行
2025-10-18 23:10:59,277 - INFO - ✅ [TRAINING] experience_collection: 訓練經驗收集
2025-10-18 23:11:07,310 - INFO - ✅ [TRAINING] environment_scan: 靶場環境檢測
2025-10-18 23:11:07,311 - INFO - ✅ [TRAINING] plan_generation: 攻擊計畫生成與抗幻覺驗證
2025-10-18 23:11:07,312 - INFO - ✅ [TRAINING] intelligent_decision: 增強決策代理分析
2025-10-18 23:11:09,327 - INFO - ✅ [TRAINING] plan_execution: 攻擊計畫執行
2025-10-18 23:11:09,328 - INFO - ✅ [TRAINING] experience_collection: 訓練經驗收集
2025-10-18 23:11:17,355 - INFO - ✅ [TRAINING] environment_scan: 靶場環境檢測
2025-10-18 23:11:17,356 - INFO - ✅ [TRAINING] plan_generation: 攻擊計畫生成與抗幻覺驗證
2025-10-18 23:11:17,357 - INFO - ✅ [TRAINING] intelligent_decision: 增強決策代理分析
2025-10-18 23:11:19,362 - INFO - ✅ [TRAINING] plan_execution: 攻擊計畫執行
2025-10-18 23:11:19,363 - INFO - ✅ [TRAINING] experience_collection: 訓練經驗收集
2025-10-18 23:11:27,386 - INFO - ✅ [TRAINING] environment_scan: 靶場環境檢測
2025-10-18 23:11:27,387 - INFO - ✅ [TRAINING] plan_generation: 攻擊計畫生成與抗幻覺驗證
2025-10-18 23:11:27,387 - INFO - ✅ [TRAINING] intelligent_decision: 增強決策代理分析
2025-10-18 23:11:29,392 - INFO - ✅ [TRAINING] plan_execution: 攻擊計畫執行
2025-10-18 23:11:29,392 - INFO - ✅ [TRAINING] experience_collection: 訓練經驗收集
2025-10-18 23:11:37,422 - INFO - ✅ [TRAINING] environment_scan: 靶場環境檢測
2025-10-18 23:11:37,423 - INFO - ✅ [TRAINING] plan_generation: 攻擊計畫生成與抗幻覺驗證
2025-10-18 23:11:37,424 - INFO - ✅ [TRAINING] intelligent_decision: 增強決策代理分析
2025-10-18 23:11:39,425 - INFO - ✅ [TRAINING] plan_execution: 攻擊計畫執行
2025-10-18 23:11:39,425 - INFO - ✅ [TRAINING] experience_collection: 訓練經驗收集
2025-10-18 23:11:47,451 - INFO - ✅ [TRAINING] environment_scan: 靶場環境檢測
2025-10-18 23:11:47,452 - INFO - ✅ [TRAINING] plan_generation: 攻擊計畫生成與抗幻覺驗證
2025-10-18 23:11:47,452 - INFO - ✅ [TRAINING] intelligent_decision: 增強決策代理分析
2025-10-18 23:11:49,460 - INFO - ✅ [TRAINING] plan_execution: 攻擊計畫執行
2025-10-18 23:11:49,461 - INFO - ✅ [TRAINING] experience_collection: 訓練經驗收集
2025-10-18 23:11:57,488 - INFO - ✅ [TRAINING] environment_scan: 靶場環境檢測
2025-10-18 23:11:57,489 - INFO - ✅ [TRAINING] plan_generation: 攻擊計畫生成與抗幻覺驗證
2025-10-18 23:11:57,495 - INFO - ✅ [TRAINING] intelligent_decision: 增強決策代理分析
2025-10-18 23:11:59,510 - INFO - ✅ [TRAINING] plan_execution: 攻擊計畫執行
2025-10-18 23:11:59,511 - INFO - ✅ [TRAINING] experience_collection: 訓練經驗收集
2025-10-18 23:12:07,529 - INFO - ✅ [TRAINING] environment_scan: 靶場環境檢測
2025-10-18 23:12:07,530 - INFO - ✅ [TRAINING] plan_generation: 攻擊計畫生成與抗幻覺驗證
2025-10-18 23:12:07,531 - INFO - ✅ [TRAINING] intelligent_decision: 增強決策代理分析
