2025-10-18 22:45:04,208 - INFO - 🎬 開始實時記錄 - 會話 ID: aiva_session_20251018_224504
2025-10-18 22:45:11,254 - INFO - ✅ [TRAINING] environment_scan: 靶場環境檢測
2025-10-18 22:45:11,255 - INFO - ✅ [TRAINING] plan_generation: 攻擊計畫生成與抗幻覺驗證
2025-10-18 22:45:11,257 - INFO - ✅ [TRAINING] intelligent_decision: 增強決策代理分析
2025-10-18 22:45:13,258 - INFO - ✅ [TRAINING] plan_execution: 攻擊計畫執行
2025-10-18 22:45:13,259 - INFO - ✅ [TRAINING] experience_collection: 訓練經驗收集
2025-10-18 22:45:21,380 - INFO - ✅ [TRAINING] environment_scan: 靶場環境檢測
2025-10-18 22:45:21,381 - INFO - ✅ [TRAINING] plan_generation: 攻擊計畫生成與抗幻覺驗證
2025-10-18 22:45:21,382 - INFO - ✅ [TRAINING] intelligent_decision: 增強決策代理分析
2025-10-18 22:45:23,394 - INFO - ✅ [TRAINING] plan_execution: 攻擊計畫執行
2025-10-18 22:45:23,395 - INFO - ✅ [TRAINING] experience_collection: 訓練經驗收集
2025-10-18 22:45:31,517 - INFO - ✅ [TRAINING] environment_scan: 靶場環境檢測
2025-10-18 22:45:31,518 - INFO - ✅ [TRAINING] plan_generation: 攻擊計畫生成與抗幻覺驗證
2025-10-18 22:45:31,518 - INFO - ✅ [TRAINING] intelligent_decision: 增強決策代理分析
2025-10-18 22:45:33,524 - INFO - ✅ [TRAINING] plan_execution: 攻擊計畫執行
2025-10-18 22:45:33,525 - INFO - ✅ [TRAINING] experience_collection: 訓練經驗收集
2025-10-18 22:45:41,654 - INFO - ✅ [TRAINING] environment_scan: 靶場環境檢測
2025-10-18 22:45:41,655 - INFO - ✅ [TRAINING] plan_generation: 攻擊計畫生成與抗幻覺驗證
2025-10-18 22:45:41,656 - INFO - ✅ [TRAINING] intelligent_decision: 增強決策代理分析
2025-10-18 22:45:43,659 - INFO - ✅ [TRAINING] plan_execution: 攻擊計畫執行
2025-10-18 22:45:43,660 - INFO - ✅ [TRAINING] experience_collection: 訓練經驗收集
2025-10-18 22:45:51,786 - INFO - ✅ [TRAINING] environment_scan: 靶場環境檢測
2025-10-18 22:45:51,786 - INFO - ✅ [TRAINING] plan_generation: 攻擊計畫生成與抗幻覺驗證
2025-10-18 22:45:51,787 - INFO - ✅ [TRAINING] intelligent_decision: 增強決策代理分析
2025-10-18 22:45:53,791 - INFO - ✅ [TRAINING] plan_execution: 攻擊計畫執行
2025-10-18 22:45:53,792 - INFO - ✅ [TRAINING] experience_collection: 訓練經驗收集
2025-10-18 22:46:01,925 - INFO - ✅ [TRAINING] environment_scan: 靶場環境檢測
2025-10-18 22:46:01,925 - INFO - ✅ [TRAINING] plan_generation: 攻擊計畫生成與抗幻覺驗證
2025-10-18 22:46:01,926 - INFO - ✅ [TRAINING] intelligent_decision: 增強決策代理分析
2025-10-18 22:46:03,927 - INFO - ✅ [TRAINING] plan_execution: 攻擊計畫執行
2025-10-18 22:46:03,927 - INFO - ✅ [TRAINING] experience_collection: 訓練經驗收集
2025-10-18 22:46:12,061 - INFO - ✅ [TRAINING] environment_scan: 靶場環境檢測
2025-10-18 22:46:12,062 - INFO - ✅ [TRAINING] plan_generation: 攻擊計畫生成與抗幻覺驗證
2025-10-18 22:46:12,063 - INFO - ✅ [TRAINING] intelligent_decision: 增強決策代理分析
2025-10-18 22:46:14,065 - INFO - ✅ [TRAINING] plan_execution: 攻擊計畫執行
2025-10-18 22:46:14,065 - INFO - ✅ [TRAINING] experience_collection: 訓練經驗收集
2025-10-18 22:46:22,196 - INFO - ✅ [TRAINING] environment_scan: 靶場環境檢測
2025-10-18 22:46:22,197 - INFO - ✅ [TRAINING] plan_generation: 攻擊計畫生成與抗幻覺驗證
2025-10-18 22:46:22,197 - INFO - ✅ [TRAINING] intelligent_decision: 增強決策代理分析
2025-10-18 22:46:24,208 - INFO - ✅ [TRAINING] plan_execution: 攻擊計畫執行
2025-10-18 22:46:24,208 - INFO - ✅ [TRAINING] experience_collection: 訓練經驗收集
2025-10-18 22:46:32,329 - INFO - ✅ [TRAINING] environment_scan: 靶場環境檢測
2025-10-18 22:46:32,330 - INFO - ✅ [TRAINING] plan_generation: 攻擊計畫生成與抗幻覺驗證
2025-10-18 22:46:32,331 - INFO - ✅ [TRAINING] intelligent_decision: 增強決策代理分析
2025-10-18 22:46:34,341 - INFO - ✅ [TRAINING] plan_execution: 攻擊計畫執行
2025-10-18 22:46:34,341 - INFO - ✅ [TRAINING] experience_collection: 訓練經驗收集
2025-10-18 22:46:42,473 - INFO - ✅ [TRAINING] environment_scan: 靶場環境檢測
2025-10-18 22:46:42,474 - INFO - ✅ [TRAINING] plan_generation: 攻擊計畫生成與抗幻覺驗證
2025-10-18 22:46:42,475 - INFO - ✅ [TRAINING] intelligent_decision: 增強決策代理分析
2025-10-18 22:46:44,479 - INFO - ✅ [TRAINING] plan_execution: 攻擊計畫執行
2025-10-18 22:46:44,480 - INFO - ✅ [TRAINING] experience_collection: 訓練經驗收集
2025-10-18 22:46:52,622 - INFO - ✅ [TRAINING] environment_scan: 靶場環境檢測
2025-10-18 22:46:52,624 - INFO - ✅ [TRAINING] plan_generation: 攻擊計畫生成與抗幻覺驗證
2025-10-18 22:46:52,625 - INFO - ✅ [TRAINING] intelligent_decision: 增強決策代理分析
2025-10-18 22:46:54,633 - INFO - ✅ [TRAINING] plan_execution: 攻擊計畫執行
2025-10-18 22:46:54,634 - INFO - ✅ [TRAINING] experience_collection: 訓練經驗收集
2025-10-18 22:47:02,773 - INFO - ✅ [TRAINING] environment_scan: 靶場環境檢測
2025-10-18 22:47:02,774 - INFO - ✅ [TRAINING] plan_generation: 攻擊計畫生成與抗幻覺驗證
2025-10-18 22:47:02,775 - INFO - ✅ [TRAINING] intelligent_decision: 增強決策代理分析
2025-10-18 22:47:04,780 - INFO - ✅ [TRAINING] plan_execution: 攻擊計畫執行
2025-10-18 22:47:04,780 - INFO - ✅ [TRAINING] experience_collection: 訓練經驗收集
2025-10-18 22:47:12,907 - INFO - ✅ [TRAINING] environment_scan: 靶場環境檢測
2025-10-18 22:47:12,908 - INFO - ✅ [TRAINING] plan_generation: 攻擊計畫生成與抗幻覺驗證
2025-10-18 22:47:12,910 - INFO - ✅ [TRAINING] intelligent_decision: 增強決策代理分析
2025-10-18 22:47:14,923 - INFO - ✅ [TRAINING] plan_execution: 攻擊計畫執行
2025-10-18 22:47:14,924 - INFO - ✅ [TRAINING] experience_collection: 訓練經驗收集
2025-10-18 22:47:23,054 - INFO - ✅ [TRAINING] environment_scan: 靶場環境檢測
2025-10-18 22:47:23,055 - INFO - ✅ [TRAINING] plan_generation: 攻擊計畫生成與抗幻覺驗證
2025-10-18 22:47:23,056 - INFO - ✅ [TRAINING] intelligent_decision: 增強決策代理分析
2025-10-18 22:47:25,071 - INFO - ✅ [TRAINING] plan_execution: 攻擊計畫執行
2025-10-18 22:47:25,072 - INFO - ✅ [TRAINING] experience_collection: 訓練經驗收集
2025-10-18 22:47:33,196 - INFO - ✅ [TRAINING] environment_scan: 靶場環境檢測
2025-10-18 22:47:33,197 - INFO - ✅ [TRAINING] plan_generation: 攻擊計畫生成與抗幻覺驗證
2025-10-18 22:47:33,198 - INFO - ✅ [TRAINING] intelligent_decision: 增強決策代理分析
2025-10-18 22:47:35,202 - INFO - ✅ [TRAINING] plan_execution: 攻擊計畫執行
2025-10-18 22:47:35,203 - INFO - ✅ [TRAINING] experience_collection: 訓練經驗收集
2025-10-18 22:47:43,326 - INFO - ✅ [TRAINING] environment_scan: 靶場環境檢測
2025-10-18 22:47:43,327 - INFO - ✅ [TRAINING] plan_generation: 攻擊計畫生成與抗幻覺驗證
2025-10-18 22:47:43,327 - INFO - ✅ [TRAINING] intelligent_decision: 增強決策代理分析
2025-10-18 22:47:45,334 - INFO - ✅ [TRAINING] plan_execution: 攻擊計畫執行
2025-10-18 22:47:45,335 - INFO - ✅ [TRAINING] experience_collection: 訓練經驗收集
2025-10-18 22:47:53,464 - INFO - ✅ [TRAINING] environment_scan: 靶場環境檢測
2025-10-18 22:47:53,465 - INFO - ✅ [TRAINING] plan_generation: 攻擊計畫生成與抗幻覺驗證
2025-10-18 22:47:53,466 - INFO - ✅ [TRAINING] intelligent_decision: 增強決策代理分析
2025-10-18 22:47:55,467 - INFO - ✅ [TRAINING] plan_execution: 攻擊計畫執行
2025-10-18 22:47:55,468 - INFO - ✅ [TRAINING] experience_collection: 訓練經驗收集
2025-10-18 22:48:03,601 - INFO - ✅ [TRAINING] environment_scan: 靶場環境檢測
2025-10-18 22:48:03,603 - INFO - ✅ [TRAINING] plan_generation: 攻擊計畫生成與抗幻覺驗證
2025-10-18 22:48:03,604 - INFO - ✅ [TRAINING] intelligent_decision: 增強決策代理分析
2025-10-18 22:48:05,604 - INFO - ✅ [TRAINING] plan_execution: 攻擊計畫執行
2025-10-18 22:48:05,605 - INFO - ✅ [TRAINING] experience_collection: 訓練經驗收集
2025-10-18 22:48:13,739 - INFO - ✅ [TRAINING] environment_scan: 靶場環境檢測
2025-10-18 22:48:13,741 - INFO - ✅ [TRAINING] plan_generation: 攻擊計畫生成與抗幻覺驗證
2025-10-18 22:48:13,742 - INFO - ✅ [TRAINING] intelligent_decision: 增強決策代理分析
2025-10-18 22:48:15,743 - INFO - ✅ [TRAINING] plan_execution: 攻擊計畫執行
2025-10-18 22:48:15,744 - INFO - ✅ [TRAINING] experience_collection: 訓練經驗收集
2025-10-18 22:48:23,884 - INFO - ✅ [TRAINING] environment_scan: 靶場環境檢測
2025-10-18 22:48:23,885 - INFO - ✅ [TRAINING] plan_generation: 攻擊計畫生成與抗幻覺驗證
2025-10-18 22:48:23,885 - INFO - ✅ [TRAINING] intelligent_decision: 增強決策代理分析
2025-10-18 22:48:25,892 - INFO - ✅ [TRAINING] plan_execution: 攻擊計畫執行
2025-10-18 22:48:25,893 - INFO - ✅ [TRAINING] experience_collection: 訓練經驗收集
2025-10-18 22:48:34,009 - INFO - ✅ [TRAINING] environment_scan: 靶場環境檢測
2025-10-18 22:48:34,010 - INFO - ✅ [TRAINING] plan_generation: 攻擊計畫生成與抗幻覺驗證
2025-10-18 22:48:34,011 - INFO - ✅ [TRAINING] intelligent_decision: 增強決策代理分析
2025-10-18 22:48:36,017 - INFO - ✅ [TRAINING] plan_execution: 攻擊計畫執行
2025-10-18 22:48:36,018 - INFO - ✅ [TRAINING] experience_collection: 訓練經驗收集
2025-10-18 22:48:44,153 - INFO - ✅ [TRAINING] environment_scan: 靶場環境檢測
2025-10-18 22:48:44,154 - INFO - ✅ [TRAINING] plan_generation: 攻擊計畫生成與抗幻覺驗證
2025-10-18 22:48:44,155 - INFO - ✅ [TRAINING] intelligent_decision: 增強決策代理分析
2025-10-18 22:48:46,165 - INFO - ✅ [TRAINING] plan_execution: 攻擊計畫執行
2025-10-18 22:48:46,166 - INFO - ✅ [TRAINING] experience_collection: 訓練經驗收集
2025-10-18 22:48:54,297 - INFO - ✅ [TRAINING] environment_scan: 靶場環境檢測
2025-10-18 22:48:54,297 - INFO - ✅ [TRAINING] plan_generation: 攻擊計畫生成與抗幻覺驗證
2025-10-18 22:48:54,298 - INFO - ✅ [TRAINING] intelligent_decision: 增強決策代理分析
2025-10-18 22:48:56,303 - INFO - ✅ [TRAINING] plan_execution: 攻擊計畫執行
2025-10-18 22:48:56,303 - INFO - ✅ [TRAINING] experience_collection: 訓練經驗收集
2025-10-18 22:49:04,436 - INFO - ✅ [TRAINING] environment_scan: 靶場環境檢測
2025-10-18 22:49:04,437 - INFO - ✅ [TRAINING] plan_generation: 攻擊計畫生成與抗幻覺驗證
2025-10-18 22:49:04,437 - INFO - ✅ [TRAINING] intelligent_decision: 增強決策代理分析
2025-10-18 22:49:06,444 - INFO - ✅ [TRAINING] plan_execution: 攻擊計畫執行
2025-10-18 22:49:06,445 - INFO - ✅ [TRAINING] experience_collection: 訓練經驗收集
2025-10-18 22:49:14,584 - INFO - ✅ [TRAINING] environment_scan: 靶場環境檢測
2025-10-18 22:49:14,585 - INFO - ✅ [TRAINING] plan_generation: 攻擊計畫生成與抗幻覺驗證
2025-10-18 22:49:14,586 - INFO - ✅ [TRAINING] intelligent_decision: 增強決策代理分析
2025-10-18 22:49:16,587 - INFO - ✅ [TRAINING] plan_execution: 攻擊計畫執行
2025-10-18 22:49:16,588 - INFO - ✅ [TRAINING] experience_collection: 訓練經驗收集
2025-10-18 22:49:24,718 - INFO - ✅ [TRAINING] environment_scan: 靶場環境檢測
2025-10-18 22:49:24,719 - INFO - ✅ [TRAINING] plan_generation: 攻擊計畫生成與抗幻覺驗證
2025-10-18 22:49:24,719 - INFO - ✅ [TRAINING] intelligent_decision: 增強決策代理分析
2025-10-18 22:49:26,722 - INFO - ✅ [TRAINING] plan_execution: 攻擊計畫執行
2025-10-18 22:49:26,722 - INFO - ✅ [TRAINING] experience_collection: 訓練經驗收集
2025-10-18 22:49:34,862 - INFO - ✅ [TRAINING] environment_scan: 靶場環境檢測
2025-10-18 22:49:34,863 - INFO - ✅ [TRAINING] plan_generation: 攻擊計畫生成與抗幻覺驗證
2025-10-18 22:49:34,864 - INFO - ✅ [TRAINING] intelligent_decision: 增強決策代理分析
2025-10-18 22:49:36,878 - INFO - ✅ [TRAINING] plan_execution: 攻擊計畫執行
2025-10-18 22:49:36,878 - INFO - ✅ [TRAINING] experience_collection: 訓練經驗收集
2025-10-18 22:49:45,007 - INFO - ✅ [TRAINING] environment_scan: 靶場環境檢測
2025-10-18 22:49:45,008 - INFO - ✅ [TRAINING] plan_generation: 攻擊計畫生成與抗幻覺驗證
2025-10-18 22:49:45,009 - INFO - ✅ [TRAINING] intelligent_decision: 增強決策代理分析
2025-10-18 22:49:47,025 - INFO - ✅ [TRAINING] plan_execution: 攻擊計畫執行
2025-10-18 22:49:47,025 - INFO - ✅ [TRAINING] experience_collection: 訓練經驗收集
2025-10-18 22:49:55,167 - INFO - ✅ [TRAINING] environment_scan: 靶場環境檢測
2025-10-18 22:49:55,169 - INFO - ✅ [TRAINING] plan_generation: 攻擊計畫生成與抗幻覺驗證
2025-10-18 22:49:55,170 - INFO - ✅ [TRAINING] intelligent_decision: 增強決策代理分析
2025-10-18 22:49:57,177 - INFO - ✅ [TRAINING] plan_execution: 攻擊計畫執行
2025-10-18 22:49:57,177 - INFO - ✅ [TRAINING] experience_collection: 訓練經驗收集
2025-10-18 22:50:05,319 - INFO - ✅ [TRAINING] environment_scan: 靶場環境檢測
2025-10-18 22:50:05,320 - INFO - ✅ [TRAINING] plan_generation: 攻擊計畫生成與抗幻覺驗證
2025-10-18 22:50:05,321 - INFO - ✅ [TRAINING] intelligent_decision: 增強決策代理分析
2025-10-18 22:50:07,329 - INFO - ✅ [TRAINING] plan_execution: 攻擊計畫執行
2025-10-18 22:50:07,330 - INFO - ✅ [TRAINING] experience_collection: 訓練經驗收集
2025-10-18 22:50:15,462 - INFO - ✅ [TRAINING] environment_scan: 靶場環境檢測
2025-10-18 22:50:15,463 - INFO - ✅ [TRAINING] plan_generation: 攻擊計畫生成與抗幻覺驗證
2025-10-18 22:50:15,464 - INFO - ✅ [TRAINING] intelligent_decision: 增強決策代理分析
2025-10-18 22:50:17,465 - INFO - ✅ [TRAINING] plan_execution: 攻擊計畫執行
2025-10-18 22:50:17,466 - INFO - ✅ [TRAINING] experience_collection: 訓練經驗收集
2025-10-18 22:50:25,597 - INFO - ✅ [TRAINING] environment_scan: 靶場環境檢測
2025-10-18 22:50:25,599 - INFO - ✅ [TRAINING] plan_generation: 攻擊計畫生成與抗幻覺驗證
2025-10-18 22:50:25,601 - INFO - ✅ [TRAINING] intelligent_decision: 增強決策代理分析
2025-10-18 22:50:27,616 - INFO - ✅ [TRAINING] plan_execution: 攻擊計畫執行
2025-10-18 22:50:27,617 - INFO - ✅ [TRAINING] experience_collection: 訓練經驗收集
2025-10-18 22:50:35,751 - INFO - ✅ [TRAINING] environment_scan: 靶場環境檢測
2025-10-18 22:50:35,752 - INFO - ✅ [TRAINING] plan_generation: 攻擊計畫生成與抗幻覺驗證
2025-10-18 22:50:35,753 - INFO - ✅ [TRAINING] intelligent_decision: 增強決策代理分析
2025-10-18 22:50:37,758 - INFO - ✅ [TRAINING] plan_execution: 攻擊計畫執行
2025-10-18 22:50:37,758 - INFO - ✅ [TRAINING] experience_collection: 訓練經驗收集
2025-10-18 22:50:39,786 - INFO - ⏹️  實時記錄已停止
2025-10-18 22:50:39,806 - INFO - 📊 會話報告已匯出: logs\aiva_session_20251018_224504_report.json
